# JRE version: OpenJDK Runtime Environment Temurin-17.0.7+7 (17.0.7+7) (build 17.0.7+7)
# Java VM: OpenJDK 64-Bit Server VM Temurin-17.0.7+7 (17.0.7+7, mixed mode, tiered, compressed oops, compressed class ptrs, parallel gc, windows-amd64)
GC Precious Log:
 CPUs: 8 total, 8 available
 Memory: 32681M
 Large Page Support: Disabled
 NUMA Support: Disabled
 Compressed Oops: Enabled (32-bit)
 Alignments: Space 512K, Generation 512K, Heap 2M
 Heap Min Capacity: 100M
 Heap Initial Capacity: 100M
 Heap Max Capacity: 1G
 Pre-touch: Disabled
 Parallel Workers: 8
Heap:
 PSYoungGen      total 3584K, used 994K [0x00000000eab00000, 0x00000000eb780000, 0x0000000100000000)
  eden space 2560K, 0% used [0x00000000eab00000,0x00000000eab00000,0x00000000ead80000)
  from space 1024K, 97% used [0x00000000eb100000,0x00000000eb1f8890,0x00000000eb200000)
  to   space 3584K, 0% used [0x00000000ead80000,0x00000000ead80000,0x00000000eb100000)
 ParOldGen       total 176640K, used 175393K [0x00000000c0000000, 0x00000000cac80000, 0x00000000eab00000)
  object space 176640K, 99% used [0x00000000c0000000,0x00000000cab48708,0x00000000cac80000)
 Metaspace       used 103793K, committed 105152K, reserved 1179648K
  class space    used 10224K, committed 10816K, reserved 1048576K
GC Heap History (20 events):
Event: 10775.343 GC heap after
{Heap after GC invocations=14978 (full 349):
 PSYoungGen      total 6656K, used 548K [0x00000000eab00000, 0x00000000eb280000, 0x0000000100000000)
  eden space 5632K, 0% used [0x00000000eab00000,0x00000000eab00000,0x00000000eb080000)
  from space 1024K, 53% used [0x00000000eb080000,0x00000000eb109210,0x00000000eb180000)
  to   space 1024K, 0% used [0x00000000eb180000,0x00000000eb180000,0x00000000eb280000)
 ParOldGen       total 176640K, used 169319K [0x00000000c0000000, 0x00000000cac80000, 0x00000000eab00000)
  object space 176640K, 95% used [0x00000000c0000000,0x00000000ca559c30,0x00000000cac80000)
 Metaspace       used 103789K, committed 105152K, reserved 1179648K
  class space    used 10224K, committed 10816K, reserved 1048576K
}
Event: 10775.350 GC heap before
{Heap before GC invocations=14979 (full 349):
 PSYoungGen      total 6656K, used 6180K [0x00000000eab00000, 0x00000000eb280000, 0x0000000100000000)
  eden space 5632K, 100% used [0x00000000eab00000,0x00000000eb080000,0x00000000eb080000)
  from space 1024K, 53% used [0x00000000eb080000,0x00000000eb109210,0x00000000eb180000)
  to   space 1024K, 0% used [0x00000000eb180000,0x00000000eb180000,0x00000000eb280000)
 ParOldGen       total 176640K, used 169319K [0x00000000c0000000, 0x00000000cac80000, 0x00000000eab00000)
  object space 176640K, 95% used [0x00000000c0000000,0x00000000ca559c30,0x00000000cac80000)
 Metaspace       used 103789K, committed 105152K, reserved 1179648K
  class space    used 10224K, committed 10816K, reserved 1048576K
}
Event: 10775.351 GC heap after
{Heap after GC invocations=14979 (full 349):
 PSYoungGen      total 6144K, used 410K [0x00000000eab00000, 0x00000000eb200000, 0x0000000100000000)
  eden space 5632K, 0% used [0x00000000eab00000,0x00000000eab00000,0x00000000eb080000)
  from space 512K, 80% used [0x00000000eb180000,0x00000000eb1e6900,0x00000000eb200000)
  to   space 512K, 0% used [0x00000000eb100000,0x00000000eb100000,0x00000000eb180000)
 ParOldGen       total 176640K, used 169755K [0x00000000c0000000, 0x00000000cac80000, 0x00000000eab00000)
  object space 176640K, 96% used [0x00000000c0000000,0x00000000ca5c6e50,0x00000000cac80000)
 Metaspace       used 103789K, committed 105152K, reserved 1179648K
  class space    used 10224K, committed 10816K, reserved 1048576K
}
Event: 10775.627 GC heap before
{Heap before GC invocations=14980 (full 349):
 PSYoungGen      total 6144K, used 6042K [0x00000000eab00000, 0x00000000eb200000, 0x0000000100000000)
  eden space 5632K, 100% used [0x00000000eab00000,0x00000000eb080000,0x00000000eb080000)
  from space 512K, 80% used [0x00000000eb180000,0x00000000eb1e6900,0x00000000eb200000)
  to   space 512K, 0% used [0x00000000eb100000,0x00000000eb100000,0x00000000eb180000)
 ParOldGen       total 176640K, used 169755K [0x00000000c0000000, 0x00000000cac80000, 0x00000000eab00000)
  object space 176640K, 96% used [0x00000000c0000000,0x00000000ca5c6e50,0x00000000cac80000)
 Metaspace       used 103793K, committed 105152K, reserved 1179648K
  class space    used 10224K, committed 10816K, reserved 1048576K
}
Event: 10775.628 GC heap after
{Heap after GC invocations=14980 (full 349):
 PSYoungGen      total 6144K, used 506K [0x00000000eab00000, 0x00000000eb280000, 0x0000000100000000)
  eden space 5632K, 0% used [0x00000000eab00000,0x00000000eab00000,0x00000000eb080000)
  from space 512K, 98% used [0x00000000eb100000,0x00000000eb17e900,0x00000000eb180000)
  to   space 1024K, 0% used [0x00000000eb180000,0x00000000eb180000,0x00000000eb280000)
 ParOldGen       total 176640K, used 170011K [0x00000000c0000000, 0x00000000cac80000, 0x00000000eab00000)
  object space 176640K, 96% used [0x00000000c0000000,0x00000000ca606e70,0x00000000cac80000)
 Metaspace       used 103793K, committed 105152K, reserved 1179648K
  class space    used 10224K, committed 10816K, reserved 1048576K
}
Event: 10775.631 GC heap before
{Heap before GC invocations=14981 (full 349):
 PSYoungGen      total 6144K, used 6138K [0x00000000eab00000, 0x00000000eb280000, 0x0000000100000000)
  eden space 5632K, 100% used [0x00000000eab00000,0x00000000eb080000,0x00000000eb080000)
  from space 512K, 98% used [0x00000000eb100000,0x00000000eb17e900,0x00000000eb180000)
  to   space 1024K, 0% used [0x00000000eb180000,0x00000000eb180000,0x00000000eb280000)
 ParOldGen       total 176640K, used 170011K [0x00000000c0000000, 0x00000000cac80000, 0x00000000eab00000)
  object space 176640K, 96% used [0x00000000c0000000,0x00000000ca606e70,0x00000000cac80000)
 Metaspace       used 103793K, committed 105152K, reserved 1179648K
  class space    used 10224K, committed 10816K, reserved 1048576K
}
Event: 10775.631 GC heap after
{Heap after GC invocations=14981 (full 349):
 PSYoungGen      total 6656K, used 820K [0x00000000eab00000, 0x00000000eb280000, 0x0000000100000000)
  eden space 5632K, 0% used [0x00000000eab00000,0x00000000eab00000,0x00000000eb080000)
  from space 1024K, 80% used [0x00000000eb180000,0x00000000eb24d200,0x00000000eb280000)
  to   space 1024K, 0% used [0x00000000eb080000,0x00000000eb080000,0x00000000eb180000)
 ParOldGen       total 176640K, used 170456K [0x00000000c0000000, 0x00000000cac80000, 0x00000000eab00000)
  object space 176640K, 96% used [0x00000000c0000000,0x00000000ca676090,0x00000000cac80000)
 Metaspace       used 103793K, committed 105152K, reserved 1179648K
  class space    used 10224K, committed 10816K, reserved 1048576K
}
Event: 10775.635 GC heap before
{Heap before GC invocations=14982 (full 349):
 PSYoungGen      total 6656K, used 6452K [0x00000000eab00000, 0x00000000eb280000, 0x0000000100000000)
  eden space 5632K, 100% used [0x00000000eab00000,0x00000000eb080000,0x00000000eb080000)
  from space 1024K, 80% used [0x00000000eb180000,0x00000000eb24d200,0x00000000eb280000)
  to   space 1024K, 0% used [0x00000000eb080000,0x00000000eb080000,0x00000000eb180000)
 ParOldGen       total 176640K, used 170456K [0x00000000c0000000, 0x00000000cac80000, 0x00000000eab00000)
  object space 176640K, 96% used [0x00000000c0000000,0x00000000ca676090,0x00000000cac80000)
 Metaspace       used 103793K, committed 105152K, reserved 1179648K
  class space    used 10224K, committed 10816K, reserved 1048576K
}
Event: 10775.635 GC heap after
{Heap after GC invocations=14982 (full 349):
 PSYoungGen      total 6656K, used 736K [0x00000000eab00000, 0x00000000eb280000, 0x0000000100000000)
  eden space 5632K, 0% used [0x00000000eab00000,0x00000000eab00000,0x00000000eb080000)
  from space 1024K, 71% used [0x00000000eb080000,0x00000000eb138000,0x00000000eb180000)
  to   space 1024K, 0% used [0x00000000eb180000,0x00000000eb180000,0x00000000eb280000)
 ParOldGen       total 176640K, used 171148K [0x00000000c0000000, 0x00000000cac80000, 0x00000000eab00000)
  object space 176640K, 96% used [0x00000000c0000000,0x00000000ca723290,0x00000000cac80000)
 Metaspace       used 103793K, committed 105152K, reserved 1179648K
  class space    used 10224K, committed 10816K, reserved 1048576K
}
Event: 10775.640 GC heap before
{Heap before GC invocations=14983 (full 349):
 PSYoungGen      total 6656K, used 6368K [0x00000000eab00000, 0x00000000eb280000, 0x0000000100000000)
  eden space 5632K, 100% used [0x00000000eab00000,0x00000000eb080000,0x00000000eb080000)
  from space 1024K, 71% used [0x00000000eb080000,0x00000000eb138000,0x00000000eb180000)
  to   space 1024K, 0% used [0x00000000eb180000,0x00000000eb180000,0x00000000eb280000)
 ParOldGen       total 176640K, used 171148K [0x00000000c0000000, 0x00000000cac80000, 0x00000000eab00000)
  object space 176640K, 96% used [0x00000000c0000000,0x00000000ca723290,0x00000000cac80000)
 Metaspace       used 103793K, committed 105152K, reserved 1179648K
  class space    used 10224K, committed 10816K, reserved 1048576K
}
Event: 10775.641 GC heap after
{Heap after GC invocations=14983 (full 349):
 PSYoungGen      total 4096K, used 994K [0x00000000eab00000, 0x00000000eb880000, 0x0000000100000000)
  eden space 3072K, 0% used [0x00000000eab00000,0x00000000eab00000,0x00000000eae00000)
  from space 1024K, 97% used [0x00000000eb180000,0x00000000eb278890,0x00000000eb280000)
  to   space 3584K, 0% used [0x00000000eae00000,0x00000000eae00000,0x00000000eb180000)
 ParOldGen       total 176640K, used 173175K [0x00000000c0000000, 0x00000000cac80000, 0x00000000eab00000)
  object space 176640K, 98% used [0x00000000c0000000,0x00000000ca91dcf0,0x00000000cac80000)
 Metaspace       used 103793K, committed 105152K, reserved 1179648K
  class space    used 10224K, committed 10816K, reserved 1048576K
}
Event: 10775.646 GC heap before
{Heap before GC invocations=14984 (full 349):
 PSYoungGen      total 4096K, used 4066K [0x00000000eab00000, 0x00000000eb880000, 0x0000000100000000)
  eden space 3072K, 100% used [0x00000000eab00000,0x00000000eae00000,0x00000000eae00000)
  from space 1024K, 97% used [0x00000000eb180000,0x00000000eb278890,0x00000000eb280000)
  to   space 3584K, 0% used [0x00000000eae00000,0x00000000eae00000,0x00000000eb180000)
 ParOldGen       total 176640K, used 173175K [0x00000000c0000000, 0x00000000cac80000, 0x00000000eab00000)
  object space 176640K, 98% used [0x00000000c0000000,0x00000000ca91dcf0,0x00000000cac80000)
 Metaspace       used 103793K, committed 105152K, reserved 1179648K
  class space    used 10224K, committed 10816K, reserved 1048576K
}
Event: 10775.647 GC heap after
{Heap after GC invocations=14984 (full 349):
 PSYoungGen      total 4096K, used 898K [0x00000000eab00000, 0x00000000eb300000, 0x0000000100000000)
  eden space 3072K, 0% used [0x00000000eab00000,0x00000000eab00000,0x00000000eae00000)
  from space 1024K, 87% used [0x00000000eae00000,0x00000000eaee0890,0x00000000eaf00000)
  to   space 2048K, 0% used [0x00000000eb100000,0x00000000eb100000,0x00000000eb300000)
 ParOldGen       total 176640K, used 173429K [0x00000000c0000000, 0x00000000cac80000, 0x00000000eab00000)
  object space 176640K, 98% used [0x00000000c0000000,0x00000000ca95d508,0x00000000cac80000)
 Metaspace       used 103793K, committed 105152K, reserved 1179648K
  class space    used 10224K, committed 10816K, reserved 1048576K
}
Event: 10775.651 GC heap before
{Heap before GC invocations=14985 (full 349):
 PSYoungGen      total 4096K, used 3970K [0x00000000eab00000, 0x00000000eb300000, 0x0000000100000000)
  eden space 3072K, 100% used [0x00000000eab00000,0x00000000eae00000,0x00000000eae00000)
  from space 1024K, 87% used [0x00000000eae00000,0x00000000eaee0890,0x00000000eaf00000)
  to   space 2048K, 0% used [0x00000000eb100000,0x00000000eb100000,0x00000000eb300000)
 ParOldGen       total 176640K, used 173429K [0x00000000c0000000, 0x00000000cac80000, 0x00000000eab00000)
  object space 176640K, 98% used [0x00000000c0000000,0x00000000ca95d508,0x00000000cac80000)
 Metaspace       used 103793K, committed 105152K, reserved 1179648K
  class space    used 10224K, committed 10816K, reserved 1048576K
}
Event: 10775.652 GC heap after
{Heap after GC invocations=14985 (full 349):
 PSYoungGen      total 4608K, used 256K [0x00000000eab00000, 0x00000000eb180000, 0x0000000100000000)
  eden space 4096K, 0% used [0x00000000eab00000,0x00000000eab00000,0x00000000eaf00000)
  from space 512K, 50% used [0x00000000eb100000,0x00000000eb140000,0x00000000eb180000)
  to   space 1024K, 0% used [0x00000000eaf80000,0x00000000eaf80000,0x00000000eb080000)
 ParOldGen       total 176640K, used 173469K [0x00000000c0000000, 0x00000000cac80000, 0x00000000eab00000)
  object space 176640K, 98% used [0x00000000c0000000,0x00000000ca967508,0x00000000cac80000)
 Metaspace       used 103793K, committed 105152K, reserved 1179648K
  class space    used 10224K, committed 10816K, reserved 1048576K
}
Event: 10775.655 GC heap before
{Heap before GC invocations=14986 (full 349):
 PSYoungGen      total 4608K, used 4352K [0x00000000eab00000, 0x00000000eb180000, 0x0000000100000000)
  eden space 4096K, 100% used [0x00000000eab00000,0x00000000eaf00000,0x00000000eaf00000)
  from space 512K, 50% used [0x00000000eb100000,0x00000000eb140000,0x00000000eb180000)
  to   space 1024K, 0% used [0x00000000eaf80000,0x00000000eaf80000,0x00000000eb080000)
 ParOldGen       total 176640K, used 173469K [0x00000000c0000000, 0x00000000cac80000, 0x00000000eab00000)
  object space 176640K, 98% used [0x00000000c0000000,0x00000000ca967508,0x00000000cac80000)
 Metaspace       used 103793K, committed 105152K, reserved 1179648K
  class space    used 10224K, committed 10816K, reserved 1048576K
}
Event: 10775.656 GC heap after
{Heap after GC invocations=14986 (full 349):
 PSYoungGen      total 5632K, used 512K [0x00000000eab00000, 0x00000000eb200000, 0x0000000100000000)
  eden space 4608K, 0% used [0x00000000eab00000,0x00000000eab00000,0x00000000eaf80000)
  from space 1024K, 50% used [0x00000000eaf80000,0x00000000eb000000,0x00000000eb080000)
  to   space 1024K, 0% used [0x00000000eb100000,0x00000000eb100000,0x00000000eb200000)
 ParOldGen       total 176640K, used 173585K [0x00000000c0000000, 0x00000000cac80000, 0x00000000eab00000)
  object space 176640K, 98% used [0x00000000c0000000,0x00000000ca984708,0x00000000cac80000)
 Metaspace       used 103793K, committed 105152K, reserved 1179648K
  class space    used 10224K, committed 10816K, reserved 1048576K
}
Event: 10775.662 GC heap before
{Heap before GC invocations=14987 (full 349):
 PSYoungGen      total 5632K, used 5120K [0x00000000eab00000, 0x00000000eb200000, 0x0000000100000000)
  eden space 4608K, 100% used [0x00000000eab00000,0x00000000eaf80000,0x00000000eaf80000)
  from space 1024K, 50% used [0x00000000eaf80000,0x00000000eb000000,0x00000000eb080000)
  to   space 1024K, 0% used [0x00000000eb100000,0x00000000eb100000,0x00000000eb200000)
 ParOldGen       total 176640K, used 173585K [0x00000000c0000000, 0x00000000cac80000, 0x00000000eab00000)
  object space 176640K, 98% used [0x00000000c0000000,0x00000000ca984708,0x00000000cac80000)
 Metaspace       used 103793K, committed 105152K, reserved 1179648K
  class space    used 10224K, committed 10816K, reserved 1048576K
}
Event: 10775.663 GC heap after
{Heap after GC invocations=14987 (full 349):
 PSYoungGen      total 3584K, used 994K [0x00000000eab00000, 0x00000000eb780000, 0x0000000100000000)
  eden space 2560K, 0% used [0x00000000eab00000,0x00000000eab00000,0x00000000ead80000)
  from space 1024K, 97% used [0x00000000eb100000,0x00000000eb1f8890,0x00000000eb200000)
  to   space 3584K, 0% used [0x00000000ead80000,0x00000000ead80000,0x00000000eb100000)
 ParOldGen       total 176640K, used 175393K [0x00000000c0000000, 0x00000000cac80000, 0x00000000eab00000)
  object space 176640K, 99% used [0x00000000c0000000,0x00000000cab48708,0x00000000cac80000)
 Metaspace       used 103793K, committed 105152K, reserved 1179648K
  class space    used 10224K, committed 10816K, reserved 1048576K
}
Event: 10775.663 GC heap before
{Heap before GC invocations=14988 (full 350):
 PSYoungGen      total 3584K, used 994K [0x00000000eab00000, 0x00000000eb780000, 0x0000000100000000)
  eden space 2560K, 0% used [0x00000000eab00000,0x00000000eab00000,0x00000000ead80000)
  from space 1024K, 97% used [0x00000000eb100000,0x00000000eb1f8890,0x00000000eb200000)
  to   space 3584K, 0% used [0x00000000ead80000,0x00000000ead80000,0x00000000eb100000)
 ParOldGen       total 176640K, used 175393K [0x00000000c0000000, 0x00000000cac80000, 0x00000000eab00000)
  object space 176640K, 99% used [0x00000000c0000000,0x00000000cab48708,0x00000000cac80000)
 Metaspace       used 103793K, committed 105152K, reserved 1179648K
  class space    used 10224K, committed 10816K, reserved 1048576K
}

