# JRE version: OpenJDK Runtime Environment Temurin-17.0.7+7 (17.0.7+7) (build 17.0.7+7)
# Java VM: OpenJDK 64-Bit Server VM Temurin-17.0.7+7 (17.0.7+7, mixed mode, tiered, compressed oops, compressed class ptrs, parallel gc, windows-amd64)
GC Precious Log:
 CPUs: 8 total, 8 available
 Memory: 32681M
 Large Page Support: Disabled
 NUMA Support: Disabled
 Compressed Oops: Enabled (32-bit)
 Alignments: Space 512K, Generation 512K, Heap 2M
 Heap Min Capacity: 100M
 Heap Initial Capacity: 100M
 Heap Max Capacity: 1G
 Pre-touch: Disabled
 Parallel Workers: 8
Heap:
 PSYoungGen      total 13824K, used 13339K [0x00000000eab00000, 0x00000000ec380000, 0x0000000100000000)
  eden space 8192K, 100% used [0x00000000eab00000,0x00000000eb300000,0x00000000eb300000)
  from space 5632K, 91% used [0x00000000ebe00000,0x00000000ec306e20,0x00000000ec380000)
  to   space 7168K, 0% used [0x00000000eb580000,0x00000000eb580000,0x00000000ebc80000)
 ParOldGen       total 184320K, used 181292K [0x00000000c0000000, 0x00000000cb400000, 0x00000000eab00000)
  object space 184320K, 98% used [0x00000000c0000000,0x00000000cb10b200,0x00000000cb400000)
 Metaspace       used 99667K, committed 100992K, reserved 1179648K
  class space    used 9825K, committed 10432K, reserved 1048576K
GC Heap History (20 events):
Event: 11984.151 GC heap after
{Heap after GC invocations=15668 (full 510):
 PSYoungGen      total 3584K, used 276K [0x00000000eab00000, 0x00000000eb680000, 0x0000000100000000)
  eden space 3072K, 0% used [0x00000000eab00000,0x00000000eab00000,0x00000000eae00000)
  from space 512K, 54% used [0x00000000eb580000,0x00000000eb5c5200,0x00000000eb600000)
  to   space 512K, 0% used [0x00000000eb600000,0x00000000eb600000,0x00000000eb680000)
 ParOldGen       total 137216K, used 95805K [0x00000000c0000000, 0x00000000c8600000, 0x00000000eab00000)
  object space 137216K, 69% used [0x00000000c0000000,0x00000000c5d8f798,0x00000000c8600000)
 Metaspace       used 99655K, committed 100992K, reserved 1179648K
  class space    used 9825K, committed 10432K, reserved 1048576K
}
Event: 11984.153 GC heap before
{Heap before GC invocations=15669 (full 510):
 PSYoungGen      total 3584K, used 3348K [0x00000000eab00000, 0x00000000eb680000, 0x0000000100000000)
  eden space 3072K, 100% used [0x00000000eab00000,0x00000000eae00000,0x00000000eae00000)
  from space 512K, 54% used [0x00000000eb580000,0x00000000eb5c5200,0x00000000eb600000)
  to   space 512K, 0% used [0x00000000eb600000,0x00000000eb600000,0x00000000eb680000)
 ParOldGen       total 137216K, used 95805K [0x00000000c0000000, 0x00000000c8600000, 0x00000000eab00000)
  object space 137216K, 69% used [0x00000000c0000000,0x00000000c5d8f798,0x00000000c8600000)
 Metaspace       used 99655K, committed 100992K, reserved 1179648K
  class space    used 9825K, committed 10432K, reserved 1048576K
}
Event: 11984.154 GC heap after
{Heap after GC invocations=15669 (full 510):
 PSYoungGen      total 4608K, used 480K [0x00000000eab00000, 0x00000000eb680000, 0x0000000100000000)
  eden space 4096K, 0% used [0x00000000eab00000,0x00000000eab00000,0x00000000eaf00000)
  from space 512K, 93% used [0x00000000eb600000,0x00000000eb678000,0x00000000eb680000)
  to   space 1024K, 0% used [0x00000000eb480000,0x00000000eb480000,0x00000000eb580000)
 ParOldGen       total 137216K, used 95914K [0x00000000c0000000, 0x00000000c8600000, 0x00000000eab00000)
  object space 137216K, 69% used [0x00000000c0000000,0x00000000c5daa998,0x00000000c8600000)
 Metaspace       used 99655K, committed 100992K, reserved 1179648K
  class space    used 9825K, committed 10432K, reserved 1048576K
}
Event: 11984.520 GC heap before
{Heap before GC invocations=15670 (full 510):
 PSYoungGen      total 4608K, used 3977K [0x00000000eab00000, 0x00000000eb680000, 0x0000000100000000)
  eden space 4096K, 85% used [0x00000000eab00000,0x00000000eae6a418,0x00000000eaf00000)
  from space 512K, 93% used [0x00000000eb600000,0x00000000eb678000,0x00000000eb680000)
  to   space 1024K, 0% used [0x00000000eb480000,0x00000000eb480000,0x00000000eb580000)
 ParOldGen       total 137216K, used 95914K [0x00000000c0000000, 0x00000000c8600000, 0x00000000eab00000)
  object space 137216K, 69% used [0x00000000c0000000,0x00000000c5daa998,0x00000000c8600000)
 Metaspace       used 99655K, committed 100992K, reserved 1179648K
  class space    used 9825K, committed 10432K, reserved 1048576K
}
Event: 11984.521 GC heap after
{Heap after GC invocations=15670 (full 510):
 PSYoungGen      total 5120K, used 544K [0x00000000eab00000, 0x00000000eb680000, 0x0000000100000000)
  eden space 4096K, 0% used [0x00000000eab00000,0x00000000eab00000,0x00000000eaf00000)
  from space 1024K, 53% used [0x00000000eb480000,0x00000000eb508000,0x00000000eb580000)
  to   space 1024K, 0% used [0x00000000eb580000,0x00000000eb580000,0x00000000eb680000)
 ParOldGen       total 137216K, used 96330K [0x00000000c0000000, 0x00000000c8600000, 0x00000000eab00000)
  object space 137216K, 70% used [0x00000000c0000000,0x00000000c5e129b8,0x00000000c8600000)
 Metaspace       used 99655K, committed 100992K, reserved 1179648K
  class space    used 9825K, committed 10432K, reserved 1048576K
}
Event: 11984.869 GC heap before
{Heap before GC invocations=15671 (full 510):
 PSYoungGen      total 5120K, used 4575K [0x00000000eab00000, 0x00000000eb680000, 0x0000000100000000)
  eden space 4096K, 98% used [0x00000000eab00000,0x00000000eaeefe80,0x00000000eaf00000)
  from space 1024K, 53% used [0x00000000eb480000,0x00000000eb508000,0x00000000eb580000)
  to   space 1024K, 0% used [0x00000000eb580000,0x00000000eb580000,0x00000000eb680000)
 ParOldGen       total 137216K, used 96330K [0x00000000c0000000, 0x00000000c8600000, 0x00000000eab00000)
  object space 137216K, 70% used [0x00000000c0000000,0x00000000c5e129b8,0x00000000c8600000)
 Metaspace       used 99655K, committed 100992K, reserved 1179648K
  class space    used 9825K, committed 10432K, reserved 1048576K
}
Event: 11984.869 GC heap after
{Heap after GC invocations=15671 (full 510):
 PSYoungGen      total 4608K, used 192K [0x00000000eab00000, 0x00000000eb600000, 0x0000000100000000)
  eden space 4096K, 0% used [0x00000000eab00000,0x00000000eab00000,0x00000000eaf00000)
  from space 512K, 37% used [0x00000000eb580000,0x00000000eb5b0000,0x00000000eb600000)
  to   space 512K, 0% used [0x00000000eb500000,0x00000000eb500000,0x00000000eb580000)
 ParOldGen       total 137216K, used 96822K [0x00000000c0000000, 0x00000000c8600000, 0x00000000eab00000)
  object space 137216K, 70% used [0x00000000c0000000,0x00000000c5e8dbe0,0x00000000c8600000)
 Metaspace       used 99655K, committed 100992K, reserved 1179648K
  class space    used 9825K, committed 10432K, reserved 1048576K
}
Event: 11984.874 GC heap before
{Heap before GC invocations=15672 (full 510):
 PSYoungGen      total 4608K, used 4288K [0x00000000eab00000, 0x00000000eb600000, 0x0000000100000000)
  eden space 4096K, 100% used [0x00000000eab00000,0x00000000eaf00000,0x00000000eaf00000)
  from space 512K, 37% used [0x00000000eb580000,0x00000000eb5b0000,0x00000000eb600000)
  to   space 512K, 0% used [0x00000000eb500000,0x00000000eb500000,0x00000000eb580000)
 ParOldGen       total 137216K, used 96822K [0x00000000c0000000, 0x00000000c8600000, 0x00000000eab00000)
  object space 137216K, 70% used [0x00000000c0000000,0x00000000c5e8dbe0,0x00000000c8600000)
 Metaspace       used 99655K, committed 100992K, reserved 1179648K
  class space    used 9825K, committed 10432K, reserved 1048576K
}
Event: 11984.875 GC heap after
{Heap after GC invocations=15672 (full 510):
 PSYoungGen      total 4608K, used 512K [0x00000000eab00000, 0x00000000eb900000, 0x0000000100000000)
  eden space 4096K, 0% used [0x00000000eab00000,0x00000000eab00000,0x00000000eaf00000)
  from space 512K, 100% used [0x00000000eb500000,0x00000000eb580000,0x00000000eb580000)
  to   space 3584K, 0% used [0x00000000eb580000,0x00000000eb580000,0x00000000eb900000)
 ParOldGen       total 137216K, used 100464K [0x00000000c0000000, 0x00000000c8600000, 0x00000000eab00000)
  object space 137216K, 73% used [0x00000000c0000000,0x00000000c621c060,0x00000000c8600000)
 Metaspace       used 99655K, committed 100992K, reserved 1179648K
  class space    used 9825K, committed 10432K, reserved 1048576K
}
Event: 11984.881 GC heap before
{Heap before GC invocations=15673 (full 510):
 PSYoungGen      total 4608K, used 4608K [0x00000000eab00000, 0x00000000eb900000, 0x0000000100000000)
  eden space 4096K, 100% used [0x00000000eab00000,0x00000000eaf00000,0x00000000eaf00000)
  from space 512K, 100% used [0x00000000eb500000,0x00000000eb580000,0x00000000eb580000)
  to   space 3584K, 0% used [0x00000000eb580000,0x00000000eb580000,0x00000000eb900000)
 ParOldGen       total 137216K, used 100464K [0x00000000c0000000, 0x00000000c8600000, 0x00000000eab00000)
  object space 137216K, 73% used [0x00000000c0000000,0x00000000c621c060,0x00000000c8600000)
 Metaspace       used 99655K, committed 100992K, reserved 1179648K
  class space    used 9825K, committed 10432K, reserved 1048576K
}
Event: 11984.886 GC heap after
{Heap after GC invocations=15673 (full 510):
 PSYoungGen      total 8704K, used 3584K [0x00000000eab00000, 0x00000000eba00000, 0x0000000100000000)
  eden space 5120K, 0% used [0x00000000eab00000,0x00000000eab00000,0x00000000eb000000)
  from space 3584K, 100% used [0x00000000eb580000,0x00000000eb900000,0x00000000eb900000)
  to   space 5120K, 0% used [0x00000000eb000000,0x00000000eb000000,0x00000000eb500000)
 ParOldGen       total 137216K, used 101512K [0x00000000c0000000, 0x00000000c8600000, 0x00000000eab00000)
  object space 137216K, 73% used [0x00000000c0000000,0x00000000c6322060,0x00000000c8600000)
 Metaspace       used 99655K, committed 100992K, reserved 1179648K
  class space    used 9825K, committed 10432K, reserved 1048576K
}
Event: 11984.898 GC heap before
{Heap before GC invocations=15674 (full 510):
 PSYoungGen      total 8704K, used 8526K [0x00000000eab00000, 0x00000000eba00000, 0x0000000100000000)
  eden space 5120K, 96% used [0x00000000eab00000,0x00000000eafd3930,0x00000000eb000000)
  from space 3584K, 100% used [0x00000000eb580000,0x00000000eb900000,0x00000000eb900000)
  to   space 5120K, 0% used [0x00000000eb000000,0x00000000eb000000,0x00000000eb500000)
 ParOldGen       total 137216K, used 101512K [0x00000000c0000000, 0x00000000c8600000, 0x00000000eab00000)
  object space 137216K, 73% used [0x00000000c0000000,0x00000000c6322060,0x00000000c8600000)
 Metaspace       used 99655K, committed 100992K, reserved 1179648K
  class space    used 9825K, committed 10432K, reserved 1048576K
}
Event: 11984.904 GC heap after
{Heap after GC invocations=15674 (full 510):
 PSYoungGen      total 10240K, used 4681K [0x00000000eab00000, 0x00000000ebb00000, 0x0000000100000000)
  eden space 5120K, 0% used [0x00000000eab00000,0x00000000eab00000,0x00000000eb000000)
  from space 5120K, 91% used [0x00000000eb000000,0x00000000eb492400,0x00000000eb500000)
  to   space 5120K, 0% used [0x00000000eb600000,0x00000000eb600000,0x00000000ebb00000)
 ParOldGen       total 137216K, used 105136K [0x00000000c0000000, 0x00000000c8600000, 0x00000000eab00000)
  object space 137216K, 76% used [0x00000000c0000000,0x00000000c66ac060,0x00000000c8600000)
 Metaspace       used 99655K, committed 100992K, reserved 1179648K
  class space    used 9825K, committed 10432K, reserved 1048576K
}
Event: 11984.946 GC heap before
{Heap before GC invocations=15675 (full 510):
 PSYoungGen      total 10240K, used 9801K [0x00000000eab00000, 0x00000000ebb00000, 0x0000000100000000)
  eden space 5120K, 100% used [0x00000000eab00000,0x00000000eb000000,0x00000000eb000000)
  from space 5120K, 91% used [0x00000000eb000000,0x00000000eb492400,0x00000000eb500000)
  to   space 5120K, 0% used [0x00000000eb600000,0x00000000eb600000,0x00000000ebb00000)
 ParOldGen       total 137216K, used 105136K [0x00000000c0000000, 0x00000000c8600000, 0x00000000eab00000)
  object space 137216K, 76% used [0x00000000c0000000,0x00000000c66ac060,0x00000000c8600000)
 Metaspace       used 99655K, committed 100992K, reserved 1179648K
  class space    used 9825K, committed 10432K, reserved 1048576K
}
Event: 11984.950 GC heap after
{Heap after GC invocations=15675 (full 510):
 PSYoungGen      total 10752K, used 4524K [0x00000000eab00000, 0x00000000eba80000, 0x0000000100000000)
  eden space 6144K, 0% used [0x00000000eab00000,0x00000000eab00000,0x00000000eb100000)
  from space 4608K, 98% used [0x00000000eb600000,0x00000000eba6b0a0,0x00000000eba80000)
  to   space 4608K, 0% used [0x00000000eb180000,0x00000000eb180000,0x00000000eb600000)
 ParOldGen       total 137216K, used 109416K [0x00000000c0000000, 0x00000000c8600000, 0x00000000eab00000)
  object space 137216K, 79% used [0x00000000c0000000,0x00000000c6ada060,0x00000000c8600000)
 Metaspace       used 99655K, committed 100992K, reserved 1179648K
  class space    used 9825K, committed 10432K, reserved 1048576K
}
Event: 11984.962 GC heap before
{Heap before GC invocations=15676 (full 510):
 PSYoungGen      total 10752K, used 10571K [0x00000000eab00000, 0x00000000eba80000, 0x0000000100000000)
  eden space 6144K, 98% used [0x00000000eab00000,0x00000000eb0e7d28,0x00000000eb100000)
  from space 4608K, 98% used [0x00000000eb600000,0x00000000eba6b0a0,0x00000000eba80000)
  to   space 4608K, 0% used [0x00000000eb180000,0x00000000eb180000,0x00000000eb600000)
 ParOldGen       total 137216K, used 109416K [0x00000000c0000000, 0x00000000c8600000, 0x00000000eab00000)
  object space 137216K, 79% used [0x00000000c0000000,0x00000000c6ada060,0x00000000c8600000)
 Metaspace       used 99655K, committed 100992K, reserved 1179648K
  class space    used 9825K, committed 10432K, reserved 1048576K
}
Event: 11984.965 GC heap after
{Heap after GC invocations=15676 (full 510):
 PSYoungGen      total 11264K, used 4600K [0x00000000eab00000, 0x00000000ec980000, 0x0000000100000000)
  eden space 6656K, 0% used [0x00000000eab00000,0x00000000eab00000,0x00000000eb180000)
  from space 4608K, 99% used [0x00000000eb180000,0x00000000eb5fe000,0x00000000eb600000)
  to   space 11776K, 0% used [0x00000000ebe00000,0x00000000ebe00000,0x00000000ec980000)
 ParOldGen       total 137216K, used 115484K [0x00000000c0000000, 0x00000000c8600000, 0x00000000eab00000)
  object space 137216K, 84% used [0x00000000c0000000,0x00000000c70c71a0,0x00000000c8600000)
 Metaspace       used 99655K, committed 100992K, reserved 1179648K
  class space    used 9825K, committed 10432K, reserved 1048576K
}
Event: 11986.690 GC heap before
{Heap before GC invocations=15677 (full 510):
 PSYoungGen      total 11264K, used 11256K [0x00000000eab00000, 0x00000000ec980000, 0x0000000100000000)
  eden space 6656K, 100% used [0x00000000eab00000,0x00000000eb180000,0x00000000eb180000)
  from space 4608K, 99% used [0x00000000eb180000,0x00000000eb5fe000,0x00000000eb600000)
  to   space 11776K, 0% used [0x00000000ebe00000,0x00000000ebe00000,0x00000000ec980000)
 ParOldGen       total 137216K, used 115484K [0x00000000c0000000, 0x00000000c8600000, 0x00000000eab00000)
  object space 137216K, 84% used [0x00000000c0000000,0x00000000c70c71a0,0x00000000c8600000)
 Metaspace       used 99656K, committed 100992K, reserved 1179648K
  class space    used 9825K, committed 10432K, reserved 1048576K
}
Event: 11986.693 GC heap after
{Heap after GC invocations=15677 (full 510):
 PSYoungGen      total 13824K, used 5147K [0x00000000eab00000, 0x00000000ec380000, 0x0000000100000000)
  eden space 8192K, 0% used [0x00000000eab00000,0x00000000eab00000,0x00000000eb300000)
  from space 5632K, 91% used [0x00000000ebe00000,0x00000000ec306e20,0x00000000ec380000)
  to   space 7168K, 0% used [0x00000000eb580000,0x00000000eb580000,0x00000000ebc80000)
 ParOldGen       total 137216K, used 119852K [0x00000000c0000000, 0x00000000c8600000, 0x00000000eab00000)
  object space 137216K, 87% used [0x00000000c0000000,0x00000000c750b1a0,0x00000000c8600000)
 Metaspace       used 99656K, committed 100992K, reserved 1179648K
  class space    used 9825K, committed 10432K, reserved 1048576K
}
Event: 11987.661 GC heap before
{Heap before GC invocations=15678 (full 511):
 PSYoungGen      total 13824K, used 13339K [0x00000000eab00000, 0x00000000ec380000, 0x0000000100000000)
  eden space 8192K, 100% used [0x00000000eab00000,0x00000000eb300000,0x00000000eb300000)
  from space 5632K, 91% used [0x00000000ebe00000,0x00000000ec306e20,0x00000000ec380000)
  to   space 7168K, 0% used [0x00000000eb580000,0x00000000eb580000,0x00000000ebc80000)
 ParOldGen       total 184320K, used 181292K [0x00000000c0000000, 0x00000000cb400000, 0x00000000eab00000)
  object space 184320K, 98% used [0x00000000c0000000,0x00000000cb10b200,0x00000000cb400000)
 Metaspace       used 99667K, committed 100992K, reserved 1179648K
  class space    used 9825K, committed 10432K, reserved 1048576K
}

