# JRE version: OpenJDK Runtime Environment Temurin-17.0.7+7 (17.0.7+7) (build 17.0.7+7)
# Java VM: OpenJDK 64-Bit Server VM Temurin-17.0.7+7 (17.0.7+7, mixed mode, tiered, compressed oops, compressed class ptrs, parallel gc, windows-amd64)
GC Precious Log:
 CPUs: 8 total, 8 available
 Memory: 16297M
 Large Page Support: Disabled
 NUMA Support: Disabled
 Compressed Oops: Enabled (32-bit)
 Alignments: Space 512K, Generation 512K, Heap 2M
 Heap Min Capacity: 100M
 Heap Initial Capacity: 100M
 Heap Max Capacity: 1G
 Pre-touch: Disabled
 Parallel Workers: 8
Heap:
 PSYoungGen      total 1536K, used 672K [0x00000000eab00000, 0x00000000eb200000, 0x0000000100000000)
  eden space 512K, 0% used [0x00000000eab00000,0x00000000eab00000,0x00000000eab80000)
  from space 1024K, 65% used [0x00000000eab80000,0x00000000eac28000,0x00000000eac80000)
  to   space 2560K, 0% used [0x00000000eaf80000,0x00000000eaf80000,0x00000000eb200000)
 ParOldGen       total 121344K, used 119769K [0x00000000c0000000, 0x00000000c7680000, 0x00000000eab00000)
  object space 121344K, 98% used [0x00000000c0000000,0x00000000c74f64d8,0x00000000c7680000)
 Metaspace       used 88585K, committed 89920K, reserved 1179648K
  class space    used 9119K, committed 9728K, reserved 1048576K
GC Heap History (20 events):
Event: 4654.546 GC heap after
{Heap after GC invocations=2857 (full 67):
 PSYoungGen      total 3584K, used 2112K [0x00000000eab00000, 0x00000000eb280000, 0x0000000100000000)
  eden space 1024K, 0% used [0x00000000eab00000,0x00000000eab00000,0x00000000eac00000)
  from space 2560K, 82% used [0x00000000eb000000,0x00000000eb210000,0x00000000eb280000)
  to   space 3072K, 0% used [0x00000000eac80000,0x00000000eac80000,0x00000000eaf80000)
 ParOldGen       total 121344K, used 104365K [0x00000000c0000000, 0x00000000c7680000, 0x00000000eab00000)
  object space 121344K, 86% used [0x00000000c0000000,0x00000000c65eb588,0x00000000c7680000)
 Metaspace       used 88581K, committed 89920K, reserved 1179648K
  class space    used 9119K, committed 9728K, reserved 1048576K
}
Event: 4654.550 GC heap before
{Heap before GC invocations=2858 (full 67):
 PSYoungGen      total 3584K, used 3136K [0x00000000eab00000, 0x00000000eb280000, 0x0000000100000000)
  eden space 1024K, 100% used [0x00000000eab00000,0x00000000eac00000,0x00000000eac00000)
  from space 2560K, 82% used [0x00000000eb000000,0x00000000eb210000,0x00000000eb280000)
  to   space 3072K, 0% used [0x00000000eac80000,0x00000000eac80000,0x00000000eaf80000)
 ParOldGen       total 121344K, used 104365K [0x00000000c0000000, 0x00000000c7680000, 0x00000000eab00000)
  object space 121344K, 86% used [0x00000000c0000000,0x00000000c65eb588,0x00000000c7680000)
 Metaspace       used 88581K, committed 89920K, reserved 1179648K
  class space    used 9119K, committed 9728K, reserved 1048576K
}
Event: 4654.553 GC heap after
{Heap after GC invocations=2858 (full 67):
 PSYoungGen      total 3584K, used 1600K [0x00000000eab00000, 0x00000000eb080000, 0x0000000100000000)
  eden space 1536K, 0% used [0x00000000eab00000,0x00000000eab00000,0x00000000eac80000)
  from space 2048K, 78% used [0x00000000eac80000,0x00000000eae10000,0x00000000eae80000)
  to   space 2048K, 0% used [0x00000000eae80000,0x00000000eae80000,0x00000000eb080000)
 ParOldGen       total 121344K, used 105909K [0x00000000c0000000, 0x00000000c7680000, 0x00000000eab00000)
  object space 121344K, 87% used [0x00000000c0000000,0x00000000c676d588,0x00000000c7680000)
 Metaspace       used 88581K, committed 89920K, reserved 1179648K
  class space    used 9119K, committed 9728K, reserved 1048576K
}
Event: 4654.557 GC heap before
{Heap before GC invocations=2859 (full 67):
 PSYoungGen      total 3584K, used 3135K [0x00000000eab00000, 0x00000000eb080000, 0x0000000100000000)
  eden space 1536K, 99% used [0x00000000eab00000,0x00000000eac7fff0,0x00000000eac80000)
  from space 2048K, 78% used [0x00000000eac80000,0x00000000eae10000,0x00000000eae80000)
  to   space 2048K, 0% used [0x00000000eae80000,0x00000000eae80000,0x00000000eb080000)
 ParOldGen       total 121344K, used 105909K [0x00000000c0000000, 0x00000000c7680000, 0x00000000eab00000)
  object space 121344K, 87% used [0x00000000c0000000,0x00000000c676d588,0x00000000c7680000)
 Metaspace       used 88581K, committed 89920K, reserved 1179648K
  class space    used 9119K, committed 9728K, reserved 1048576K
}
Event: 4654.559 GC heap after
{Heap after GC invocations=2859 (full 67):
 PSYoungGen      total 3584K, used 1600K [0x00000000eab00000, 0x00000000eb100000, 0x0000000100000000)
  eden space 1536K, 0% used [0x00000000eab00000,0x00000000eab00000,0x00000000eac80000)
  from space 2048K, 78% used [0x00000000eae80000,0x00000000eb010000,0x00000000eb080000)
  to   space 2048K, 0% used [0x00000000eac80000,0x00000000eac80000,0x00000000eae80000)
 ParOldGen       total 121344K, used 107413K [0x00000000c0000000, 0x00000000c7680000, 0x00000000eab00000)
  object space 121344K, 88% used [0x00000000c0000000,0x00000000c68e5588,0x00000000c7680000)
 Metaspace       used 88581K, committed 89920K, reserved 1179648K
  class space    used 9119K, committed 9728K, reserved 1048576K
}
Event: 4654.563 GC heap before
{Heap before GC invocations=2860 (full 67):
 PSYoungGen      total 3584K, used 3136K [0x00000000eab00000, 0x00000000eb100000, 0x0000000100000000)
  eden space 1536K, 100% used [0x00000000eab00000,0x00000000eac80000,0x00000000eac80000)
  from space 2048K, 78% used [0x00000000eae80000,0x00000000eb010000,0x00000000eb080000)
  to   space 2048K, 0% used [0x00000000eac80000,0x00000000eac80000,0x00000000eae80000)
 ParOldGen       total 121344K, used 107413K [0x00000000c0000000, 0x00000000c7680000, 0x00000000eab00000)
  object space 121344K, 88% used [0x00000000c0000000,0x00000000c68e5588,0x00000000c7680000)
 Metaspace       used 88581K, committed 89920K, reserved 1179648K
  class space    used 9119K, committed 9728K, reserved 1048576K
}
Event: 4654.565 GC heap after
{Heap after GC invocations=2860 (full 67):
 PSYoungGen      total 3584K, used 1600K [0x00000000eab00000, 0x00000000eb100000, 0x0000000100000000)
  eden space 1536K, 0% used [0x00000000eab00000,0x00000000eab00000,0x00000000eac80000)
  from space 2048K, 78% used [0x00000000eac80000,0x00000000eae10000,0x00000000eae80000)
  to   space 2048K, 0% used [0x00000000eaf00000,0x00000000eaf00000,0x00000000eb100000)
 ParOldGen       total 121344K, used 108949K [0x00000000c0000000, 0x00000000c7680000, 0x00000000eab00000)
  object space 121344K, 89% used [0x00000000c0000000,0x00000000c6a65588,0x00000000c7680000)
 Metaspace       used 88581K, committed 89920K, reserved 1179648K
  class space    used 9119K, committed 9728K, reserved 1048576K
}
Event: 4654.571 GC heap before
{Heap before GC invocations=2861 (full 67):
 PSYoungGen      total 3584K, used 3007K [0x00000000eab00000, 0x00000000eb100000, 0x0000000100000000)
  eden space 1536K, 91% used [0x00000000eab00000,0x00000000eac5fe10,0x00000000eac80000)
  from space 2048K, 78% used [0x00000000eac80000,0x00000000eae10000,0x00000000eae80000)
  to   space 2048K, 0% used [0x00000000eaf00000,0x00000000eaf00000,0x00000000eb100000)
 ParOldGen       total 121344K, used 108949K [0x00000000c0000000, 0x00000000c7680000, 0x00000000eab00000)
  object space 121344K, 89% used [0x00000000c0000000,0x00000000c6a65588,0x00000000c7680000)
 Metaspace       used 88581K, committed 89920K, reserved 1179648K
  class space    used 9119K, committed 9728K, reserved 1048576K
}
Event: 4654.572 GC heap after
{Heap after GC invocations=2861 (full 67):
 PSYoungGen      total 3584K, used 1284K [0x00000000eab00000, 0x00000000eb080000, 0x0000000100000000)
  eden space 2048K, 0% used [0x00000000eab00000,0x00000000eab00000,0x00000000ead00000)
  from space 1536K, 83% used [0x00000000eaf00000,0x00000000eb041000,0x00000000eb080000)
  to   space 1536K, 0% used [0x00000000ead80000,0x00000000ead80000,0x00000000eaf00000)
 ParOldGen       total 121344K, used 110485K [0x00000000c0000000, 0x00000000c7680000, 0x00000000eab00000)
  object space 121344K, 91% used [0x00000000c0000000,0x00000000c6be5588,0x00000000c7680000)
 Metaspace       used 88581K, committed 89920K, reserved 1179648K
  class space    used 9119K, committed 9728K, reserved 1048576K
}
Event: 4654.594 GC heap before
{Heap before GC invocations=2862 (full 67):
 PSYoungGen      total 3584K, used 3332K [0x00000000eab00000, 0x00000000eb080000, 0x0000000100000000)
  eden space 2048K, 100% used [0x00000000eab00000,0x00000000ead00000,0x00000000ead00000)
  from space 1536K, 83% used [0x00000000eaf00000,0x00000000eb041000,0x00000000eb080000)
  to   space 1536K, 0% used [0x00000000ead80000,0x00000000ead80000,0x00000000eaf00000)
 ParOldGen       total 121344K, used 110485K [0x00000000c0000000, 0x00000000c7680000, 0x00000000eab00000)
  object space 121344K, 91% used [0x00000000c0000000,0x00000000c6be5588,0x00000000c7680000)
 Metaspace       used 88581K, committed 89920K, reserved 1179648K
  class space    used 9119K, committed 9728K, reserved 1048576K
}
Event: 4654.596 GC heap after
{Heap after GC invocations=2862 (full 67):
 PSYoungGen      total 4096K, used 1520K [0x00000000eab00000, 0x00000000eb380000, 0x0000000100000000)
  eden space 2560K, 0% used [0x00000000eab00000,0x00000000eab00000,0x00000000ead80000)
  from space 1536K, 98% used [0x00000000ead80000,0x00000000eaefc000,0x00000000eaf00000)
  to   space 3072K, 0% used [0x00000000eb080000,0x00000000eb080000,0x00000000eb380000)
 ParOldGen       total 121344K, used 111605K [0x00000000c0000000, 0x00000000c7680000, 0x00000000eab00000)
  object space 121344K, 91% used [0x00000000c0000000,0x00000000c6cfd588,0x00000000c7680000)
 Metaspace       used 88581K, committed 89920K, reserved 1179648K
  class space    used 9119K, committed 9728K, reserved 1048576K
}
Event: 4654.637 GC heap before
{Heap before GC invocations=2863 (full 67):
 PSYoungGen      total 4096K, used 3782K [0x00000000eab00000, 0x00000000eb380000, 0x0000000100000000)
  eden space 2560K, 88% used [0x00000000eab00000,0x00000000ead35a38,0x00000000ead80000)
  from space 1536K, 98% used [0x00000000ead80000,0x00000000eaefc000,0x00000000eaf00000)
  to   space 3072K, 0% used [0x00000000eb080000,0x00000000eb080000,0x00000000eb380000)
 ParOldGen       total 121344K, used 111605K [0x00000000c0000000, 0x00000000c7680000, 0x00000000eab00000)
  object space 121344K, 91% used [0x00000000c0000000,0x00000000c6cfd588,0x00000000c7680000)
 Metaspace       used 88581K, committed 89920K, reserved 1179648K
  class space    used 9119K, committed 9728K, reserved 1048576K
}
Event: 4654.639 GC heap after
{Heap after GC invocations=2863 (full 67):
 PSYoungGen      total 5632K, used 2304K [0x00000000eab00000, 0x00000000eb300000, 0x0000000100000000)
  eden space 3072K, 0% used [0x00000000eab00000,0x00000000eab00000,0x00000000eae00000)
  from space 2560K, 90% used [0x00000000eb080000,0x00000000eb2c0000,0x00000000eb300000)
  to   space 2560K, 0% used [0x00000000eae00000,0x00000000eae00000,0x00000000eb080000)
 ParOldGen       total 121344K, used 112373K [0x00000000c0000000, 0x00000000c7680000, 0x00000000eab00000)
  object space 121344K, 92% used [0x00000000c0000000,0x00000000c6dbd588,0x00000000c7680000)
 Metaspace       used 88581K, committed 89920K, reserved 1179648K
  class space    used 9119K, committed 9728K, reserved 1048576K
}
Event: 4654.653 GC heap before
{Heap before GC invocations=2864 (full 67):
 PSYoungGen      total 5632K, used 5376K [0x00000000eab00000, 0x00000000eb300000, 0x0000000100000000)
  eden space 3072K, 100% used [0x00000000eab00000,0x00000000eae00000,0x00000000eae00000)
  from space 2560K, 90% used [0x00000000eb080000,0x00000000eb2c0000,0x00000000eb300000)
  to   space 2560K, 0% used [0x00000000eae00000,0x00000000eae00000,0x00000000eb080000)
 ParOldGen       total 121344K, used 112373K [0x00000000c0000000, 0x00000000c7680000, 0x00000000eab00000)
  object space 121344K, 92% used [0x00000000c0000000,0x00000000c6dbd588,0x00000000c7680000)
 Metaspace       used 88585K, committed 89920K, reserved 1179648K
  class space    used 9119K, committed 9728K, reserved 1048576K
}
Event: 4654.655 GC heap after
{Heap after GC invocations=2864 (full 67):
 PSYoungGen      total 5632K, used 2187K [0x00000000eab00000, 0x00000000eb400000, 0x0000000100000000)
  eden space 3072K, 0% used [0x00000000eab00000,0x00000000eab00000,0x00000000eae00000)
  from space 2560K, 85% used [0x00000000eae00000,0x00000000eb022f50,0x00000000eb080000)
  to   space 2560K, 0% used [0x00000000eb180000,0x00000000eb180000,0x00000000eb400000)
 ParOldGen       total 121344K, used 114597K [0x00000000c0000000, 0x00000000c7680000, 0x00000000eab00000)
  object space 121344K, 94% used [0x00000000c0000000,0x00000000c6fe9588,0x00000000c7680000)
 Metaspace       used 88585K, committed 89920K, reserved 1179648K
  class space    used 9119K, committed 9728K, reserved 1048576K
}
Event: 4654.664 GC heap before
{Heap before GC invocations=2865 (full 67):
 PSYoungGen      total 5632K, used 5259K [0x00000000eab00000, 0x00000000eb400000, 0x0000000100000000)
  eden space 3072K, 100% used [0x00000000eab00000,0x00000000eae00000,0x00000000eae00000)
  from space 2560K, 85% used [0x00000000eae00000,0x00000000eb022f50,0x00000000eb080000)
  to   space 2560K, 0% used [0x00000000eb180000,0x00000000eb180000,0x00000000eb400000)
 ParOldGen       total 121344K, used 114597K [0x00000000c0000000, 0x00000000c7680000, 0x00000000eab00000)
  object space 121344K, 94% used [0x00000000c0000000,0x00000000c6fe9588,0x00000000c7680000)
 Metaspace       used 88585K, committed 89920K, reserved 1179648K
  class space    used 9119K, committed 9728K, reserved 1048576K
}
Event: 4654.665 GC heap after
{Heap after GC invocations=2865 (full 67):
 PSYoungGen      total 3072K, used 2560K [0x00000000eab00000, 0x00000000ebb00000, 0x0000000100000000)
  eden space 512K, 0% used [0x00000000eab00000,0x00000000eab00000,0x00000000eab80000)
  from space 2560K, 100% used [0x00000000eb180000,0x00000000eb400000,0x00000000eb400000)
  to   space 6144K, 0% used [0x00000000eab80000,0x00000000eab80000,0x00000000eb180000)
 ParOldGen       total 121344K, used 117201K [0x00000000c0000000, 0x00000000c7680000, 0x00000000eab00000)
  object space 121344K, 96% used [0x00000000c0000000,0x00000000c72744d8,0x00000000c7680000)
 Metaspace       used 88585K, committed 89920K, reserved 1179648K
  class space    used 9119K, committed 9728K, reserved 1048576K
}
Event: 4654.667 GC heap before
{Heap before GC invocations=2866 (full 67):
 PSYoungGen      total 3072K, used 3072K [0x00000000eab00000, 0x00000000ebb00000, 0x0000000100000000)
  eden space 512K, 100% used [0x00000000eab00000,0x00000000eab80000,0x00000000eab80000)
  from space 2560K, 100% used [0x00000000eb180000,0x00000000eb400000,0x00000000eb400000)
  to   space 6144K, 0% used [0x00000000eab80000,0x00000000eab80000,0x00000000eb180000)
 ParOldGen       total 121344K, used 117201K [0x00000000c0000000, 0x00000000c7680000, 0x00000000eab00000)
  object space 121344K, 96% used [0x00000000c0000000,0x00000000c72744d8,0x00000000c7680000)
 Metaspace       used 88585K, committed 89920K, reserved 1179648K
  class space    used 9119K, committed 9728K, reserved 1048576K
}
Event: 4654.670 GC heap after
{Heap after GC invocations=2866 (full 67):
 PSYoungGen      total 1536K, used 672K [0x00000000eab00000, 0x00000000eb200000, 0x0000000100000000)
  eden space 512K, 0% used [0x00000000eab00000,0x00000000eab00000,0x00000000eab80000)
  from space 1024K, 65% used [0x00000000eab80000,0x00000000eac28000,0x00000000eac80000)
  to   space 2560K, 0% used [0x00000000eaf80000,0x00000000eaf80000,0x00000000eb200000)
 ParOldGen       total 121344K, used 119769K [0x00000000c0000000, 0x00000000c7680000, 0x00000000eab00000)
  object space 121344K, 98% used [0x00000000c0000000,0x00000000c74f64d8,0x00000000c7680000)
 Metaspace       used 88585K, committed 89920K, reserved 1179648K
  class space    used 9119K, committed 9728K, reserved 1048576K
}
Event: 4654.671 GC heap before
{Heap before GC invocations=2867 (full 68):
 PSYoungGen      total 1536K, used 672K [0x00000000eab00000, 0x00000000eb200000, 0x0000000100000000)
  eden space 512K, 0% used [0x00000000eab00000,0x00000000eab00000,0x00000000eab80000)
  from space 1024K, 65% used [0x00000000eab80000,0x00000000eac28000,0x00000000eac80000)
  to   space 2560K, 0% used [0x00000000eaf80000,0x00000000eaf80000,0x00000000eb200000)
 ParOldGen       total 121344K, used 119769K [0x00000000c0000000, 0x00000000c7680000, 0x00000000eab00000)
  object space 121344K, 98% used [0x00000000c0000000,0x00000000c74f64d8,0x00000000c7680000)
 Metaspace       used 88585K, committed 89920K, reserved 1179648K
  class space    used 9119K, committed 9728K, reserved 1048576K
}

