# JRE version: OpenJDK Runtime Environment Temurin-17.0.7+7 (17.0.7+7) (build 17.0.7+7)
# Java VM: OpenJDK 64-Bit Server VM Temurin-17.0.7+7 (17.0.7+7, mixed mode, tiered, compressed oops, compressed class ptrs, parallel gc, windows-amd64)
GC Precious Log:
 CPUs: 8 total, 8 available
 Memory: 16297M
 Large Page Support: Disabled
 NUMA Support: Disabled
 Compressed Oops: Enabled (32-bit)
 Alignments: Space 512K, Generation 512K, Heap 2M
 Heap Min Capacity: 100M
 Heap Initial Capacity: 100M
 Heap Max Capacity: 1G
 Pre-touch: Disabled
 Parallel Workers: 8
Heap:
 PSYoungGen      total 5120K, used 544K [0x00000000eab00000, 0x00000000eb200000, 0x0000000100000000)
  eden space 4096K, 0% used [0x00000000eab00000,0x00000000eab00000,0x00000000eaf00000)
  from space 1024K, 53% used [0x00000000eb100000,0x00000000eb188000,0x00000000eb200000)
  to   space 1024K, 0% used [0x00000000eb000000,0x00000000eb000000,0x00000000eb100000)
 ParOldGen       total 339456K, used 339441K [0x00000000c0000000, 0x00000000d4b80000, 0x00000000eab00000)
  object space 339456K, 99% used [0x00000000c0000000,0x00000000d4b7c668,0x00000000d4b80000)
 Metaspace       used 92316K, committed 93632K, reserved 1179648K
  class space    used 8734K, committed 9280K, reserved 1048576K
GC Heap History (20 events):
Event: 1935.214 GC heap after
{Heap after GC invocations=11222 (full 324):
 PSYoungGen      total 4096K, used 340K [0x00000000eab00000, 0x00000000eb300000, 0x0000000100000000)
  eden space 3072K, 0% used [0x00000000eab00000,0x00000000eab00000,0x00000000eae00000)
  from space 1024K, 33% used [0x00000000eb100000,0x00000000eb155200,0x00000000eb200000)
  to   space 512K, 0% used [0x00000000eb280000,0x00000000eb280000,0x00000000eb300000)
 ParOldGen       total 339456K, used 334841K [0x00000000c0000000, 0x00000000d4b80000, 0x00000000eab00000)
  object space 339456K, 98% used [0x00000000c0000000,0x00000000d46fe6c8,0x00000000d4b80000)
 Metaspace       used 92316K, committed 93632K, reserved 1179648K
  class space    used 8734K, committed 9280K, reserved 1048576K
}
Event: 1935.217 GC heap before
{Heap before GC invocations=11223 (full 324):
 PSYoungGen      total 4096K, used 3412K [0x00000000eab00000, 0x00000000eb300000, 0x0000000100000000)
  eden space 3072K, 100% used [0x00000000eab00000,0x00000000eae00000,0x00000000eae00000)
  from space 1024K, 33% used [0x00000000eb100000,0x00000000eb155200,0x00000000eb200000)
  to   space 512K, 0% used [0x00000000eb280000,0x00000000eb280000,0x00000000eb300000)
 ParOldGen       total 339456K, used 334841K [0x00000000c0000000, 0x00000000d4b80000, 0x00000000eab00000)
  object space 339456K, 98% used [0x00000000c0000000,0x00000000d46fe6c8,0x00000000d4b80000)
 Metaspace       used 92316K, committed 93632K, reserved 1179648K
  class space    used 8734K, committed 9280K, reserved 1048576K
}
Event: 1935.217 GC heap after
{Heap after GC invocations=11223 (full 324):
 PSYoungGen      total 3584K, used 512K [0x00000000eab00000, 0x00000000eb300000, 0x0000000100000000)
  eden space 3072K, 0% used [0x00000000eab00000,0x00000000eab00000,0x00000000eae00000)
  from space 512K, 100% used [0x00000000eb280000,0x00000000eb300000,0x00000000eb300000)
  to   space 1024K, 0% used [0x00000000eb100000,0x00000000eb100000,0x00000000eb200000)
 ParOldGen       total 339456K, used 334998K [0x00000000c0000000, 0x00000000d4b80000, 0x00000000eab00000)
  object space 339456K, 98% used [0x00000000c0000000,0x00000000d47258c8,0x00000000d4b80000)
 Metaspace       used 92316K, committed 93632K, reserved 1179648K
  class space    used 8734K, committed 9280K, reserved 1048576K
}
Event: 1935.221 GC heap before
{Heap before GC invocations=11224 (full 324):
 PSYoungGen      total 3584K, used 3584K [0x00000000eab00000, 0x00000000eb300000, 0x0000000100000000)
  eden space 3072K, 100% used [0x00000000eab00000,0x00000000eae00000,0x00000000eae00000)
  from space 512K, 100% used [0x00000000eb280000,0x00000000eb300000,0x00000000eb300000)
  to   space 1024K, 0% used [0x00000000eb100000,0x00000000eb100000,0x00000000eb200000)
 ParOldGen       total 339456K, used 334998K [0x00000000c0000000, 0x00000000d4b80000, 0x00000000eab00000)
  object space 339456K, 98% used [0x00000000c0000000,0x00000000d47258c8,0x00000000d4b80000)
 Metaspace       used 92316K, committed 93632K, reserved 1179648K
  class space    used 8734K, committed 9280K, reserved 1048576K
}
Event: 1935.222 GC heap after
{Heap after GC invocations=11224 (full 324):
 PSYoungGen      total 5120K, used 666K [0x00000000eab00000, 0x00000000eb300000, 0x0000000100000000)
  eden space 4096K, 0% used [0x00000000eab00000,0x00000000eab00000,0x00000000eaf00000)
  from space 1024K, 65% used [0x00000000eb100000,0x00000000eb1a6900,0x00000000eb200000)
  to   space 1024K, 0% used [0x00000000eb200000,0x00000000eb200000,0x00000000eb300000)
 ParOldGen       total 339456K, used 335458K [0x00000000c0000000, 0x00000000d4b80000, 0x00000000eab00000)
  object space 339456K, 98% used [0x00000000c0000000,0x00000000d47988f8,0x00000000d4b80000)
 Metaspace       used 92316K, committed 93632K, reserved 1179648K
  class space    used 8734K, committed 9280K, reserved 1048576K
}
Event: 1935.227 GC heap before
{Heap before GC invocations=11225 (full 324):
 PSYoungGen      total 5120K, used 4762K [0x00000000eab00000, 0x00000000eb300000, 0x0000000100000000)
  eden space 4096K, 100% used [0x00000000eab00000,0x00000000eaf00000,0x00000000eaf00000)
  from space 1024K, 65% used [0x00000000eb100000,0x00000000eb1a6900,0x00000000eb200000)
  to   space 1024K, 0% used [0x00000000eb200000,0x00000000eb200000,0x00000000eb300000)
 ParOldGen       total 339456K, used 335458K [0x00000000c0000000, 0x00000000d4b80000, 0x00000000eab00000)
  object space 339456K, 98% used [0x00000000c0000000,0x00000000d47988f8,0x00000000d4b80000)
 Metaspace       used 92316K, committed 93632K, reserved 1179648K
  class space    used 8734K, committed 9280K, reserved 1048576K
}
Event: 1935.228 GC heap after
{Heap after GC invocations=11225 (full 324):
 PSYoungGen      total 5120K, used 736K [0x00000000eab00000, 0x00000000eb300000, 0x0000000100000000)
  eden space 4096K, 0% used [0x00000000eab00000,0x00000000eab00000,0x00000000eaf00000)
  from space 1024K, 71% used [0x00000000eb200000,0x00000000eb2b8000,0x00000000eb300000)
  to   space 1024K, 0% used [0x00000000eb100000,0x00000000eb100000,0x00000000eb200000)
 ParOldGen       total 339456K, used 335982K [0x00000000c0000000, 0x00000000d4b80000, 0x00000000eab00000)
  object space 339456K, 98% used [0x00000000c0000000,0x00000000d481bb18,0x00000000d4b80000)
 Metaspace       used 92316K, committed 93632K, reserved 1179648K
  class space    used 8734K, committed 9280K, reserved 1048576K
}
Event: 1935.444 GC heap before
{Heap before GC invocations=11226 (full 324):
 PSYoungGen      total 5120K, used 4832K [0x00000000eab00000, 0x00000000eb300000, 0x0000000100000000)
  eden space 4096K, 100% used [0x00000000eab00000,0x00000000eaf00000,0x00000000eaf00000)
  from space 1024K, 71% used [0x00000000eb200000,0x00000000eb2b8000,0x00000000eb300000)
  to   space 1024K, 0% used [0x00000000eb100000,0x00000000eb100000,0x00000000eb200000)
 ParOldGen       total 339456K, used 335982K [0x00000000c0000000, 0x00000000d4b80000, 0x00000000eab00000)
  object space 339456K, 98% used [0x00000000c0000000,0x00000000d481bb18,0x00000000d4b80000)
 Metaspace       used 92316K, committed 93632K, reserved 1179648K
  class space    used 8734K, committed 9280K, reserved 1048576K
}
Event: 1935.445 GC heap after
{Heap after GC invocations=11226 (full 324):
 PSYoungGen      total 5120K, used 682K [0x00000000eab00000, 0x00000000eb280000, 0x0000000100000000)
  eden space 4096K, 0% used [0x00000000eab00000,0x00000000eab00000,0x00000000eaf00000)
  from space 1024K, 66% used [0x00000000eb100000,0x00000000eb1aa910,0x00000000eb200000)
  to   space 512K, 0% used [0x00000000eb200000,0x00000000eb200000,0x00000000eb280000)
 ParOldGen       total 339456K, used 336638K [0x00000000c0000000, 0x00000000d4b80000, 0x00000000eab00000)
  object space 339456K, 99% used [0x00000000c0000000,0x00000000d48bfb38,0x00000000d4b80000)
 Metaspace       used 92316K, committed 93632K, reserved 1179648K
  class space    used 8734K, committed 9280K, reserved 1048576K
}
Event: 1935.538 GC heap before
{Heap before GC invocations=11227 (full 324):
 PSYoungGen      total 5120K, used 4778K [0x00000000eab00000, 0x00000000eb280000, 0x0000000100000000)
  eden space 4096K, 100% used [0x00000000eab00000,0x00000000eaf00000,0x00000000eaf00000)
  from space 1024K, 66% used [0x00000000eb100000,0x00000000eb1aa910,0x00000000eb200000)
  to   space 512K, 0% used [0x00000000eb200000,0x00000000eb200000,0x00000000eb280000)
 ParOldGen       total 339456K, used 336638K [0x00000000c0000000, 0x00000000d4b80000, 0x00000000eab00000)
  object space 339456K, 99% used [0x00000000c0000000,0x00000000d48bfb38,0x00000000d4b80000)
 Metaspace       used 92316K, committed 93632K, reserved 1179648K
  class space    used 8734K, committed 9280K, reserved 1048576K
}
Event: 1935.538 GC heap after
{Heap after GC invocations=11227 (full 324):
 PSYoungGen      total 4608K, used 416K [0x00000000eab00000, 0x00000000eb280000, 0x0000000100000000)
  eden space 4096K, 0% used [0x00000000eab00000,0x00000000eab00000,0x00000000eaf00000)
  from space 512K, 81% used [0x00000000eb200000,0x00000000eb268000,0x00000000eb280000)
  to   space 1024K, 0% used [0x00000000eb080000,0x00000000eb080000,0x00000000eb180000)
 ParOldGen       total 339456K, used 337175K [0x00000000c0000000, 0x00000000d4b80000, 0x00000000eab00000)
  object space 339456K, 99% used [0x00000000c0000000,0x00000000d4945d68,0x00000000d4b80000)
 Metaspace       used 92316K, committed 93632K, reserved 1179648K
  class space    used 8734K, committed 9280K, reserved 1048576K
}
Event: 1935.618 GC heap before
{Heap before GC invocations=11228 (full 324):
 PSYoungGen      total 4608K, used 4511K [0x00000000eab00000, 0x00000000eb280000, 0x0000000100000000)
  eden space 4096K, 99% used [0x00000000eab00000,0x00000000eaefff70,0x00000000eaf00000)
  from space 512K, 81% used [0x00000000eb200000,0x00000000eb268000,0x00000000eb280000)
  to   space 1024K, 0% used [0x00000000eb080000,0x00000000eb080000,0x00000000eb180000)
 ParOldGen       total 339456K, used 337175K [0x00000000c0000000, 0x00000000d4b80000, 0x00000000eab00000)
  object space 339456K, 99% used [0x00000000c0000000,0x00000000d4945d68,0x00000000d4b80000)
 Metaspace       used 92316K, committed 93632K, reserved 1179648K
  class space    used 8734K, committed 9280K, reserved 1048576K
}
Event: 1935.619 GC heap after
{Heap after GC invocations=11228 (full 324):
 PSYoungGen      total 5120K, used 788K [0x00000000eab00000, 0x00000000eb280000, 0x0000000100000000)
  eden space 4096K, 0% used [0x00000000eab00000,0x00000000eab00000,0x00000000eaf00000)
  from space 1024K, 77% used [0x00000000eb080000,0x00000000eb145200,0x00000000eb180000)
  to   space 1024K, 0% used [0x00000000eb180000,0x00000000eb180000,0x00000000eb280000)
 ParOldGen       total 339456K, used 337503K [0x00000000c0000000, 0x00000000d4b80000, 0x00000000eab00000)
  object space 339456K, 99% used [0x00000000c0000000,0x00000000d4997d68,0x00000000d4b80000)
 Metaspace       used 92316K, committed 93632K, reserved 1179648K
  class space    used 8734K, committed 9280K, reserved 1048576K
}
Event: 1935.623 GC heap before
{Heap before GC invocations=11229 (full 324):
 PSYoungGen      total 5120K, used 4884K [0x00000000eab00000, 0x00000000eb280000, 0x0000000100000000)
  eden space 4096K, 100% used [0x00000000eab00000,0x00000000eaf00000,0x00000000eaf00000)
  from space 1024K, 77% used [0x00000000eb080000,0x00000000eb145200,0x00000000eb180000)
  to   space 1024K, 0% used [0x00000000eb180000,0x00000000eb180000,0x00000000eb280000)
 ParOldGen       total 339456K, used 337503K [0x00000000c0000000, 0x00000000d4b80000, 0x00000000eab00000)
  object space 339456K, 99% used [0x00000000c0000000,0x00000000d4997d68,0x00000000d4b80000)
 Metaspace       used 92316K, committed 93632K, reserved 1179648K
  class space    used 8734K, committed 9280K, reserved 1048576K
}
Event: 1935.624 GC heap after
{Heap after GC invocations=11229 (full 324):
 PSYoungGen      total 4608K, used 448K [0x00000000eab00000, 0x00000000eb200000, 0x0000000100000000)
  eden space 4096K, 0% used [0x00000000eab00000,0x00000000eab00000,0x00000000eaf00000)
  from space 512K, 87% used [0x00000000eb180000,0x00000000eb1f0000,0x00000000eb200000)
  to   space 1024K, 0% used [0x00000000eb000000,0x00000000eb000000,0x00000000eb100000)
 ParOldGen       total 339456K, used 338173K [0x00000000c0000000, 0x00000000d4b80000, 0x00000000eab00000)
  object space 339456K, 99% used [0x00000000c0000000,0x00000000d4a3f638,0x00000000d4b80000)
 Metaspace       used 92316K, committed 93632K, reserved 1179648K
  class space    used 8734K, committed 9280K, reserved 1048576K
}
Event: 1935.629 GC heap before
{Heap before GC invocations=11230 (full 324):
 PSYoungGen      total 4608K, used 4544K [0x00000000eab00000, 0x00000000eb200000, 0x0000000100000000)
  eden space 4096K, 100% used [0x00000000eab00000,0x00000000eaf00000,0x00000000eaf00000)
  from space 512K, 87% used [0x00000000eb180000,0x00000000eb1f0000,0x00000000eb200000)
  to   space 1024K, 0% used [0x00000000eb000000,0x00000000eb000000,0x00000000eb100000)
 ParOldGen       total 339456K, used 338173K [0x00000000c0000000, 0x00000000d4b80000, 0x00000000eab00000)
  object space 339456K, 99% used [0x00000000c0000000,0x00000000d4a3f638,0x00000000d4b80000)
 Metaspace       used 92316K, committed 93632K, reserved 1179648K
  class space    used 8734K, committed 9280K, reserved 1048576K
}
Event: 1935.630 GC heap after
{Heap after GC invocations=11230 (full 324):
 PSYoungGen      total 5120K, used 1012K [0x00000000eab00000, 0x00000000eb200000, 0x0000000100000000)
  eden space 4096K, 0% used [0x00000000eab00000,0x00000000eab00000,0x00000000eaf00000)
  from space 1024K, 98% used [0x00000000eb000000,0x00000000eb0fd200,0x00000000eb100000)
  to   space 1024K, 0% used [0x00000000eb100000,0x00000000eb100000,0x00000000eb200000)
 ParOldGen       total 339456K, used 338501K [0x00000000c0000000, 0x00000000d4b80000, 0x00000000eab00000)
  object space 339456K, 99% used [0x00000000c0000000,0x00000000d4a91638,0x00000000d4b80000)
 Metaspace       used 92316K, committed 93632K, reserved 1179648K
  class space    used 8734K, committed 9280K, reserved 1048576K
}
Event: 1935.635 GC heap before
{Heap before GC invocations=11231 (full 324):
 PSYoungGen      total 5120K, used 5108K [0x00000000eab00000, 0x00000000eb200000, 0x0000000100000000)
  eden space 4096K, 100% used [0x00000000eab00000,0x00000000eaf00000,0x00000000eaf00000)
  from space 1024K, 98% used [0x00000000eb000000,0x00000000eb0fd200,0x00000000eb100000)
  to   space 1024K, 0% used [0x00000000eb100000,0x00000000eb100000,0x00000000eb200000)
 ParOldGen       total 339456K, used 338501K [0x00000000c0000000, 0x00000000d4b80000, 0x00000000eab00000)
  object space 339456K, 99% used [0x00000000c0000000,0x00000000d4a91638,0x00000000d4b80000)
 Metaspace       used 92316K, committed 93632K, reserved 1179648K
  class space    used 8734K, committed 9280K, reserved 1048576K
}
Event: 1935.636 GC heap after
{Heap after GC invocations=11231 (full 324):
 PSYoungGen      total 5120K, used 544K [0x00000000eab00000, 0x00000000eb200000, 0x0000000100000000)
  eden space 4096K, 0% used [0x00000000eab00000,0x00000000eab00000,0x00000000eaf00000)
  from space 1024K, 53% used [0x00000000eb100000,0x00000000eb188000,0x00000000eb200000)
  to   space 1024K, 0% used [0x00000000eb000000,0x00000000eb000000,0x00000000eb100000)
 ParOldGen       total 339456K, used 339441K [0x00000000c0000000, 0x00000000d4b80000, 0x00000000eab00000)
  object space 339456K, 99% used [0x00000000c0000000,0x00000000d4b7c668,0x00000000d4b80000)
 Metaspace       used 92316K, committed 93632K, reserved 1179648K
  class space    used 8734K, committed 9280K, reserved 1048576K
}
Event: 1935.636 GC heap before
{Heap before GC invocations=11232 (full 325):
 PSYoungGen      total 5120K, used 544K [0x00000000eab00000, 0x00000000eb200000, 0x0000000100000000)
  eden space 4096K, 0% used [0x00000000eab00000,0x00000000eab00000,0x00000000eaf00000)
  from space 1024K, 53% used [0x00000000eb100000,0x00000000eb188000,0x00000000eb200000)
  to   space 1024K, 0% used [0x00000000eb000000,0x00000000eb000000,0x00000000eb100000)
 ParOldGen       total 339456K, used 339441K [0x00000000c0000000, 0x00000000d4b80000, 0x00000000eab00000)
  object space 339456K, 99% used [0x00000000c0000000,0x00000000d4b7c668,0x00000000d4b80000)
 Metaspace       used 92316K, committed 93632K, reserved 1179648K
  class space    used 8734K, committed 9280K, reserved 1048576K
}

