# JRE version: OpenJDK Runtime Environment Temurin-17.0.7+7 (17.0.7+7) (build 17.0.7+7)
# Java VM: OpenJDK 64-Bit Server VM Temurin-17.0.7+7 (17.0.7+7, mixed mode, tiered, compressed oops, compressed class ptrs, parallel gc, windows-amd64)
GC Precious Log:
 CPUs: 8 total, 8 available
 Memory: 16297M
 Large Page Support: Disabled
 NUMA Support: Disabled
 Compressed Oops: Enabled (32-bit)
 Alignments: Space 512K, Generation 512K, Heap 2M
 Heap Min Capacity: 100M
 Heap Initial Capacity: 100M
 Heap Max Capacity: 1G
 Pre-touch: Disabled
 Parallel Workers: 8
Heap:
 PSYoungGen      total 9216K, used 4096K [0x00000000eab00000, 0x00000000ec300000, 0x0000000100000000)
  eden space 5120K, 0% used [0x00000000eab00000,0x00000000eab00000,0x00000000eb000000)
  from space 4096K, 100% used [0x00000000eb900000,0x00000000ebd00000,0x00000000ebd00000)
  to   space 9216K, 0% used [0x00000000eb000000,0x00000000eb000000,0x00000000eb900000)
 ParOldGen       total 194560K, used 191307K [0x00000000c0000000, 0x00000000cbe00000, 0x00000000eab00000)
  object space 194560K, 98% used [0x00000000c0000000,0x00000000cbad2ce8,0x00000000cbe00000)
 Metaspace       used 94538K, committed 95808K, reserved 1179648K
  class space    used 9166K, committed 9728K, reserved 1048576K
GC Heap History (20 events):
Event: 2208.468 GC heap after
{Heap after GC invocations=13236 (full 368):
 PSYoungGen      total 14848K, used 7659K [0x00000000eab00000, 0x00000000ec480000, 0x0000000100000000)
  eden space 7168K, 0% used [0x00000000eab00000,0x00000000eab00000,0x00000000eb200000)
  from space 7680K, 99% used [0x00000000eb200000,0x00000000eb97af10,0x00000000eb980000)
  to   space 8704K, 0% used [0x00000000ebc00000,0x00000000ebc00000,0x00000000ec480000)
 ParOldGen       total 173568K, used 147350K [0x00000000c0000000, 0x00000000ca980000, 0x00000000eab00000)
  object space 173568K, 84% used [0x00000000c0000000,0x00000000c8fe5ad0,0x00000000ca980000)
 Metaspace       used 94537K, committed 95808K, reserved 1179648K
  class space    used 9166K, committed 9728K, reserved 1048576K
}
Event: 2208.473 GC heap before
{Heap before GC invocations=13237 (full 368):
 PSYoungGen      total 14848K, used 14827K [0x00000000eab00000, 0x00000000ec480000, 0x0000000100000000)
  eden space 7168K, 100% used [0x00000000eab00000,0x00000000eb200000,0x00000000eb200000)
  from space 7680K, 99% used [0x00000000eb200000,0x00000000eb97af10,0x00000000eb980000)
  to   space 8704K, 0% used [0x00000000ebc00000,0x00000000ebc00000,0x00000000ec480000)
 ParOldGen       total 173568K, used 147350K [0x00000000c0000000, 0x00000000ca980000, 0x00000000eab00000)
  object space 173568K, 84% used [0x00000000c0000000,0x00000000c8fe5ad0,0x00000000ca980000)
 Metaspace       used 94537K, committed 95808K, reserved 1179648K
  class space    used 9166K, committed 9728K, reserved 1048576K
}
Event: 2208.476 GC heap after
{Heap after GC invocations=13237 (full 368):
 PSYoungGen      total 16384K, used 7322K [0x00000000eab00000, 0x00000000ec380000, 0x0000000100000000)
  eden space 8704K, 0% used [0x00000000eab00000,0x00000000eab00000,0x00000000eb380000)
  from space 7680K, 95% used [0x00000000ebc00000,0x00000000ec326b10,0x00000000ec380000)
  to   space 8192K, 0% used [0x00000000eb380000,0x00000000eb380000,0x00000000ebb80000)
 ParOldGen       total 173568K, used 148766K [0x00000000c0000000, 0x00000000ca980000, 0x00000000eab00000)
  object space 173568K, 85% used [0x00000000c0000000,0x00000000c9147ad0,0x00000000ca980000)
 Metaspace       used 94537K, committed 95808K, reserved 1179648K
  class space    used 9166K, committed 9728K, reserved 1048576K
}
Event: 2208.485 GC heap before
{Heap before GC invocations=13238 (full 368):
 PSYoungGen      total 16384K, used 16026K [0x00000000eab00000, 0x00000000ec380000, 0x0000000100000000)
  eden space 8704K, 100% used [0x00000000eab00000,0x00000000eb380000,0x00000000eb380000)
  from space 7680K, 95% used [0x00000000ebc00000,0x00000000ec326b10,0x00000000ec380000)
  to   space 8192K, 0% used [0x00000000eb380000,0x00000000eb380000,0x00000000ebb80000)
 ParOldGen       total 173568K, used 148766K [0x00000000c0000000, 0x00000000ca980000, 0x00000000eab00000)
  object space 173568K, 85% used [0x00000000c0000000,0x00000000c9147ad0,0x00000000ca980000)
 Metaspace       used 94537K, committed 95808K, reserved 1179648K
  class space    used 9166K, committed 9728K, reserved 1048576K
}
Event: 2208.488 GC heap after
{Heap after GC invocations=13238 (full 368):
 PSYoungGen      total 16896K, used 6429K [0x00000000eab00000, 0x00000000ec380000, 0x0000000100000000)
  eden space 8704K, 0% used [0x00000000eab00000,0x00000000eab00000,0x00000000eb380000)
  from space 8192K, 78% used [0x00000000eb380000,0x00000000eb9c7400,0x00000000ebb80000)
  to   space 7168K, 0% used [0x00000000ebc80000,0x00000000ebc80000,0x00000000ec380000)
 ParOldGen       total 173568K, used 151526K [0x00000000c0000000, 0x00000000ca980000, 0x00000000eab00000)
  object space 173568K, 87% used [0x00000000c0000000,0x00000000c93f9ad0,0x00000000ca980000)
 Metaspace       used 94537K, committed 95808K, reserved 1179648K
  class space    used 9166K, committed 9728K, reserved 1048576K
}
Event: 2208.497 GC heap before
{Heap before GC invocations=13239 (full 368):
 PSYoungGen      total 16896K, used 15133K [0x00000000eab00000, 0x00000000ec380000, 0x0000000100000000)
  eden space 8704K, 100% used [0x00000000eab00000,0x00000000eb380000,0x00000000eb380000)
  from space 8192K, 78% used [0x00000000eb380000,0x00000000eb9c7400,0x00000000ebb80000)
  to   space 7168K, 0% used [0x00000000ebc80000,0x00000000ebc80000,0x00000000ec380000)
 ParOldGen       total 173568K, used 151526K [0x00000000c0000000, 0x00000000ca980000, 0x00000000eab00000)
  object space 173568K, 87% used [0x00000000c0000000,0x00000000c93f9ad0,0x00000000ca980000)
 Metaspace       used 94537K, committed 95808K, reserved 1179648K
  class space    used 9166K, committed 9728K, reserved 1048576K
}
Event: 2208.500 GC heap after
{Heap after GC invocations=13239 (full 368):
 PSYoungGen      total 14336K, used 3222K [0x00000000eab00000, 0x00000000ec000000, 0x0000000100000000)
  eden space 10752K, 0% used [0x00000000eab00000,0x00000000eab00000,0x00000000eb580000)
  from space 3584K, 89% used [0x00000000ebc80000,0x00000000ebfa5b10,0x00000000ec000000)
  to   space 4608K, 0% used [0x00000000eb700000,0x00000000eb700000,0x00000000ebb80000)
 ParOldGen       total 173568K, used 154419K [0x00000000c0000000, 0x00000000ca980000, 0x00000000eab00000)
  object space 173568K, 88% used [0x00000000c0000000,0x00000000c96cccf0,0x00000000ca980000)
 Metaspace       used 94537K, committed 95808K, reserved 1179648K
  class space    used 9166K, committed 9728K, reserved 1048576K
}
Event: 2208.518 GC heap before
{Heap before GC invocations=13240 (full 368):
 PSYoungGen      total 14336K, used 13974K [0x00000000eab00000, 0x00000000ec000000, 0x0000000100000000)
  eden space 10752K, 100% used [0x00000000eab00000,0x00000000eb580000,0x00000000eb580000)
  from space 3584K, 89% used [0x00000000ebc80000,0x00000000ebfa5b10,0x00000000ec000000)
  to   space 4608K, 0% used [0x00000000eb700000,0x00000000eb700000,0x00000000ebb80000)
 ParOldGen       total 173568K, used 154419K [0x00000000c0000000, 0x00000000ca980000, 0x00000000eab00000)
  object space 173568K, 88% used [0x00000000c0000000,0x00000000c96cccf0,0x00000000ca980000)
 Metaspace       used 94538K, committed 95808K, reserved 1179648K
  class space    used 9166K, committed 9728K, reserved 1048576K
}
Event: 2208.520 GC heap after
{Heap after GC invocations=13240 (full 368):
 PSYoungGen      total 16896K, used 3923K [0x00000000eab00000, 0x00000000ebf80000, 0x0000000100000000)
  eden space 12288K, 0% used [0x00000000eab00000,0x00000000eab00000,0x00000000eb700000)
  from space 4608K, 85% used [0x00000000eb700000,0x00000000ebad4e90,0x00000000ebb80000)
  to   space 4096K, 0% used [0x00000000ebb80000,0x00000000ebb80000,0x00000000ebf80000)
 ParOldGen       total 173568K, used 156719K [0x00000000c0000000, 0x00000000ca980000, 0x00000000eab00000)
  object space 173568K, 90% used [0x00000000c0000000,0x00000000c990bef0,0x00000000ca980000)
 Metaspace       used 94538K, committed 95808K, reserved 1179648K
  class space    used 9166K, committed 9728K, reserved 1048576K
}
Event: 2208.553 GC heap before
{Heap before GC invocations=13241 (full 368):
 PSYoungGen      total 16896K, used 16211K [0x00000000eab00000, 0x00000000ebf80000, 0x0000000100000000)
  eden space 12288K, 100% used [0x00000000eab00000,0x00000000eb700000,0x00000000eb700000)
  from space 4608K, 85% used [0x00000000eb700000,0x00000000ebad4e90,0x00000000ebb80000)
  to   space 4096K, 0% used [0x00000000ebb80000,0x00000000ebb80000,0x00000000ebf80000)
 ParOldGen       total 173568K, used 156719K [0x00000000c0000000, 0x00000000ca980000, 0x00000000eab00000)
  object space 173568K, 90% used [0x00000000c0000000,0x00000000c990bef0,0x00000000ca980000)
 Metaspace       used 94538K, committed 95808K, reserved 1179648K
  class space    used 9166K, committed 9728K, reserved 1048576K
}
Event: 2208.556 GC heap after
{Heap after GC invocations=13241 (full 368):
 PSYoungGen      total 7168K, used 4077K [0x00000000eab00000, 0x00000000ed400000, 0x0000000100000000)
  eden space 3072K, 0% used [0x00000000eab00000,0x00000000eab00000,0x00000000eae00000)
  from space 4096K, 99% used [0x00000000ebb80000,0x00000000ebf7b570,0x00000000ebf80000)
  to   space 13824K, 0% used [0x00000000eae00000,0x00000000eae00000,0x00000000ebb80000)
 ParOldGen       total 173568K, used 164889K [0x00000000c0000000, 0x00000000ca980000, 0x00000000eab00000)
  object space 173568K, 94% used [0x00000000c0000000,0x00000000ca1064c8,0x00000000ca980000)
 Metaspace       used 94538K, committed 95808K, reserved 1179648K
  class space    used 9166K, committed 9728K, reserved 1048576K
}
Event: 2208.556 GC heap before
{Heap before GC invocations=13242 (full 369):
 PSYoungGen      total 7168K, used 4077K [0x00000000eab00000, 0x00000000ed400000, 0x0000000100000000)
  eden space 3072K, 0% used [0x00000000eab00000,0x00000000eab00000,0x00000000eae00000)
  from space 4096K, 99% used [0x00000000ebb80000,0x00000000ebf7b570,0x00000000ebf80000)
  to   space 13824K, 0% used [0x00000000eae00000,0x00000000eae00000,0x00000000ebb80000)
 ParOldGen       total 173568K, used 164889K [0x00000000c0000000, 0x00000000ca980000, 0x00000000eab00000)
  object space 173568K, 94% used [0x00000000c0000000,0x00000000ca1064c8,0x00000000ca980000)
 Metaspace       used 94538K, committed 95808K, reserved 1179648K
  class space    used 9166K, committed 9728K, reserved 1048576K
}
Event: 2208.625 GC heap after
{Heap after GC invocations=13242 (full 369):
 PSYoungGen      total 16896K, used 0K [0x00000000eab00000, 0x00000000eca00000, 0x0000000100000000)
  eden space 3072K, 0% used [0x00000000eab00000,0x00000000eab00000,0x00000000eae00000)
  from space 13824K, 0% used [0x00000000eae00000,0x00000000eae00000,0x00000000ebb80000)
  to   space 13824K, 0% used [0x00000000ebc80000,0x00000000ebc80000,0x00000000eca00000)
 ParOldGen       total 186368K, used 146220K [0x00000000c0000000, 0x00000000cb600000, 0x00000000eab00000)
  object space 186368K, 78% used [0x00000000c0000000,0x00000000c8ecb018,0x00000000cb600000)
 Metaspace       used 94538K, committed 95808K, reserved 1179648K
  class space    used 9166K, committed 9728K, reserved 1048576K
}
Event: 2208.629 GC heap before
{Heap before GC invocations=13243 (full 369):
 PSYoungGen      total 16896K, used 3071K [0x00000000eab00000, 0x00000000eca00000, 0x0000000100000000)
  eden space 3072K, 99% used [0x00000000eab00000,0x00000000eadfffb8,0x00000000eae00000)
  from space 13824K, 0% used [0x00000000eae00000,0x00000000eae00000,0x00000000ebb80000)
  to   space 13824K, 0% used [0x00000000ebc80000,0x00000000ebc80000,0x00000000eca00000)
 ParOldGen       total 186368K, used 146220K [0x00000000c0000000, 0x00000000cb600000, 0x00000000eab00000)
  object space 186368K, 78% used [0x00000000c0000000,0x00000000c8ecb018,0x00000000cb600000)
 Metaspace       used 94538K, committed 95808K, reserved 1179648K
  class space    used 9166K, committed 9728K, reserved 1048576K
}
Event: 2208.630 GC heap after
{Heap after GC invocations=13243 (full 369):
 PSYoungGen      total 7168K, used 2816K [0x00000000eab00000, 0x00000000ebf80000, 0x0000000100000000)
  eden space 4096K, 0% used [0x00000000eab00000,0x00000000eab00000,0x00000000eaf00000)
  from space 3072K, 91% used [0x00000000ebc80000,0x00000000ebf40000,0x00000000ebf80000)
  to   space 6656K, 0% used [0x00000000eb280000,0x00000000eb280000,0x00000000eb900000)
 ParOldGen       total 186368K, used 146220K [0x00000000c0000000, 0x00000000cb600000, 0x00000000eab00000)
  object space 186368K, 78% used [0x00000000c0000000,0x00000000c8ecb018,0x00000000cb600000)
 Metaspace       used 94538K, committed 95808K, reserved 1179648K
  class space    used 9166K, committed 9728K, reserved 1048576K
}
Event: 2208.638 GC heap before
{Heap before GC invocations=13244 (full 369):
 PSYoungGen      total 7168K, used 6912K [0x00000000eab00000, 0x00000000ebf80000, 0x0000000100000000)
  eden space 4096K, 100% used [0x00000000eab00000,0x00000000eaf00000,0x00000000eaf00000)
  from space 3072K, 91% used [0x00000000ebc80000,0x00000000ebf40000,0x00000000ebf80000)
  to   space 6656K, 0% used [0x00000000eb280000,0x00000000eb280000,0x00000000eb900000)
 ParOldGen       total 186368K, used 146220K [0x00000000c0000000, 0x00000000cb600000, 0x00000000eab00000)
  object space 186368K, 78% used [0x00000000c0000000,0x00000000c8ecb018,0x00000000cb600000)
 Metaspace       used 94538K, committed 95808K, reserved 1179648K
  class space    used 9166K, committed 9728K, reserved 1048576K
}
Event: 2208.644 GC heap after
{Heap after GC invocations=13244 (full 369):
 PSYoungGen      total 11776K, used 3767K [0x00000000eab00000, 0x00000000ebd00000, 0x0000000100000000)
  eden space 5120K, 0% used [0x00000000eab00000,0x00000000eab00000,0x00000000eb000000)
  from space 6656K, 56% used [0x00000000eb280000,0x00000000eb62dc90,0x00000000eb900000)
  to   space 4096K, 0% used [0x00000000eb900000,0x00000000eb900000,0x00000000ebd00000)
 ParOldGen       total 186368K, used 149012K [0x00000000c0000000, 0x00000000cb600000, 0x00000000eab00000)
  object space 186368K, 79% used [0x00000000c0000000,0x00000000c9185018,0x00000000cb600000)
 Metaspace       used 94538K, committed 95808K, reserved 1179648K
  class space    used 9166K, committed 9728K, reserved 1048576K
}
Event: 2208.654 GC heap before
{Heap before GC invocations=13245 (full 369):
 PSYoungGen      total 11776K, used 8887K [0x00000000eab00000, 0x00000000ebd00000, 0x0000000100000000)
  eden space 5120K, 100% used [0x00000000eab00000,0x00000000eb000000,0x00000000eb000000)
  from space 6656K, 56% used [0x00000000eb280000,0x00000000eb62dc90,0x00000000eb900000)
  to   space 4096K, 0% used [0x00000000eb900000,0x00000000eb900000,0x00000000ebd00000)
 ParOldGen       total 194560K, used 187412K [0x00000000c0000000, 0x00000000cbe00000, 0x00000000eab00000)
  object space 194560K, 96% used [0x00000000c0000000,0x00000000cb705058,0x00000000cbe00000)
 Metaspace       used 94538K, committed 95808K, reserved 1179648K
  class space    used 9166K, committed 9728K, reserved 1048576K
}
Event: 2208.658 GC heap after
{Heap after GC invocations=13245 (full 369):
 PSYoungGen      total 9216K, used 4096K [0x00000000eab00000, 0x00000000ec300000, 0x0000000100000000)
  eden space 5120K, 0% used [0x00000000eab00000,0x00000000eab00000,0x00000000eb000000)
  from space 4096K, 100% used [0x00000000eb900000,0x00000000ebd00000,0x00000000ebd00000)
  to   space 9216K, 0% used [0x00000000eb000000,0x00000000eb000000,0x00000000eb900000)
 ParOldGen       total 194560K, used 191307K [0x00000000c0000000, 0x00000000cbe00000, 0x00000000eab00000)
  object space 194560K, 98% used [0x00000000c0000000,0x00000000cbad2ce8,0x00000000cbe00000)
 Metaspace       used 94538K, committed 95808K, reserved 1179648K
  class space    used 9166K, committed 9728K, reserved 1048576K
}
Event: 2208.658 GC heap before
{Heap before GC invocations=13246 (full 370):
 PSYoungGen      total 9216K, used 4096K [0x00000000eab00000, 0x00000000ec300000, 0x0000000100000000)
  eden space 5120K, 0% used [0x00000000eab00000,0x00000000eab00000,0x00000000eb000000)
  from space 4096K, 100% used [0x00000000eb900000,0x00000000ebd00000,0x00000000ebd00000)
  to   space 9216K, 0% used [0x00000000eb000000,0x00000000eb000000,0x00000000eb900000)
 ParOldGen       total 194560K, used 191307K [0x00000000c0000000, 0x00000000cbe00000, 0x00000000eab00000)
  object space 194560K, 98% used [0x00000000c0000000,0x00000000cbad2ce8,0x00000000cbe00000)
 Metaspace       used 94538K, committed 95808K, reserved 1179648K
  class space    used 9166K, committed 9728K, reserved 1048576K
}

