# JRE version: OpenJDK Runtime Environment Temurin-17.0.7+7 (17.0.7+7) (build 17.0.7+7)
# Java VM: OpenJDK 64-Bit Server VM Temurin-17.0.7+7 (17.0.7+7, mixed mode, tiered, compressed oops, compressed class ptrs, parallel gc, windows-amd64)
GC Precious Log:
 CPUs: 8 total, 8 available
 Memory: 32681M
 Large Page Support: Disabled
 NUMA Support: Disabled
 Compressed Oops: Enabled (32-bit)
 Alignments: Space 512K, Generation 512K, Heap 2M
 Heap Min Capacity: 100M
 Heap Initial Capacity: 100M
 Heap Max Capacity: 1G
 Pre-touch: Disabled
 Parallel Workers: 8
Heap:
 PSYoungGen      total 6656K, used 932K [0x00000000eab00000, 0x00000000eb280000, 0x0000000100000000)
  eden space 5632K, 0% used [0x00000000eab00000,0x00000000eab00000,0x00000000eb080000)
  from space 1024K, 91% used [0x00000000eb080000,0x00000000eb169210,0x00000000eb180000)
  to   space 1024K, 0% used [0x00000000eb180000,0x00000000eb180000,0x00000000eb280000)
 ParOldGen       total 133632K, used 133216K [0x00000000c0000000, 0x00000000c8280000, 0x00000000eab00000)
  object space 133632K, 99% used [0x00000000c0000000,0x00000000c8218258,0x00000000c8280000)
 Metaspace       used 98623K, committed 99904K, reserved 1179648K
  class space    used 9773K, committed 10368K, reserved 1048576K
GC Heap History (20 events):
Event: 18269.340 GC heap after
{Heap after GC invocations=9295 (full 257):
 PSYoungGen      total 9216K, used 3554K [0x00000000eab00000, 0x00000000eb880000, 0x0000000100000000)
  eden space 5632K, 0% used [0x00000000eab00000,0x00000000eab00000,0x00000000eb080000)
  from space 3584K, 99% used [0x00000000eb500000,0x00000000eb878890,0x00000000eb880000)
  to   space 4096K, 0% used [0x00000000eb080000,0x00000000eb080000,0x00000000eb480000)
 ParOldGen       total 133632K, used 127653K [0x00000000c0000000, 0x00000000c8280000, 0x00000000eab00000)
  object space 133632K, 95% used [0x00000000c0000000,0x00000000c7ca96b8,0x00000000c8280000)
 Metaspace       used 98621K, committed 99904K, reserved 1179648K
  class space    used 9773K, committed 10368K, reserved 1048576K
}
Event: 18269.743 GC heap before
{Heap before GC invocations=9296 (full 257):
 PSYoungGen      total 9216K, used 9186K [0x00000000eab00000, 0x00000000eb880000, 0x0000000100000000)
  eden space 5632K, 100% used [0x00000000eab00000,0x00000000eb080000,0x00000000eb080000)
  from space 3584K, 99% used [0x00000000eb500000,0x00000000eb878890,0x00000000eb880000)
  to   space 4096K, 0% used [0x00000000eb080000,0x00000000eb080000,0x00000000eb480000)
 ParOldGen       total 133632K, used 127653K [0x00000000c0000000, 0x00000000c8280000, 0x00000000eab00000)
  object space 133632K, 95% used [0x00000000c0000000,0x00000000c7ca96b8,0x00000000c8280000)
 Metaspace       used 98621K, committed 99904K, reserved 1179648K
  class space    used 9773K, committed 10368K, reserved 1048576K
}
Event: 18269.744 GC heap after
{Heap after GC invocations=9296 (full 257):
 PSYoungGen      total 6656K, used 762K [0x00000000eab00000, 0x00000000eb580000, 0x0000000100000000)
  eden space 5632K, 0% used [0x00000000eab00000,0x00000000eab00000,0x00000000eb080000)
  from space 1024K, 74% used [0x00000000eb080000,0x00000000eb13e900,0x00000000eb180000)
  to   space 2048K, 0% used [0x00000000eb380000,0x00000000eb380000,0x00000000eb580000)
 ParOldGen       total 133632K, used 127685K [0x00000000c0000000, 0x00000000c8280000, 0x00000000eab00000)
  object space 133632K, 95% used [0x00000000c0000000,0x00000000c7cb16b8,0x00000000c8280000)
 Metaspace       used 98621K, committed 99904K, reserved 1179648K
  class space    used 9773K, committed 10368K, reserved 1048576K
}
Event: 18269.750 GC heap before
{Heap before GC invocations=9297 (full 257):
 PSYoungGen      total 6656K, used 6394K [0x00000000eab00000, 0x00000000eb580000, 0x0000000100000000)
  eden space 5632K, 100% used [0x00000000eab00000,0x00000000eb080000,0x00000000eb080000)
  from space 1024K, 74% used [0x00000000eb080000,0x00000000eb13e900,0x00000000eb180000)
  to   space 2048K, 0% used [0x00000000eb380000,0x00000000eb380000,0x00000000eb580000)
 ParOldGen       total 133632K, used 127685K [0x00000000c0000000, 0x00000000c8280000, 0x00000000eab00000)
  object space 133632K, 95% used [0x00000000c0000000,0x00000000c7cb16b8,0x00000000c8280000)
 Metaspace       used 98621K, committed 99904K, reserved 1179648K
  class space    used 9773K, committed 10368K, reserved 1048576K
}
Event: 18269.750 GC heap after
{Heap after GC invocations=9297 (full 257):
 PSYoungGen      total 6656K, used 858K [0x00000000eab00000, 0x00000000eb480000, 0x0000000100000000)
  eden space 5632K, 0% used [0x00000000eab00000,0x00000000eab00000,0x00000000eb080000)
  from space 1024K, 83% used [0x00000000eb380000,0x00000000eb456900,0x00000000eb480000)
  to   space 1024K, 0% used [0x00000000eb080000,0x00000000eb080000,0x00000000eb180000)
 ParOldGen       total 133632K, used 128354K [0x00000000c0000000, 0x00000000c8280000, 0x00000000eab00000)
  object space 133632K, 96% used [0x00000000c0000000,0x00000000c7d588b8,0x00000000c8280000)
 Metaspace       used 98621K, committed 99904K, reserved 1179648K
  class space    used 9773K, committed 10368K, reserved 1048576K
}
Event: 18269.962 GC heap before
{Heap before GC invocations=9298 (full 257):
 PSYoungGen      total 6656K, used 6490K [0x00000000eab00000, 0x00000000eb480000, 0x0000000100000000)
  eden space 5632K, 100% used [0x00000000eab00000,0x00000000eb080000,0x00000000eb080000)
  from space 1024K, 83% used [0x00000000eb380000,0x00000000eb456900,0x00000000eb480000)
  to   space 1024K, 0% used [0x00000000eb080000,0x00000000eb080000,0x00000000eb180000)
 ParOldGen       total 133632K, used 128354K [0x00000000c0000000, 0x00000000c8280000, 0x00000000eab00000)
  object space 133632K, 96% used [0x00000000c0000000,0x00000000c7d588b8,0x00000000c8280000)
 Metaspace       used 98621K, committed 99904K, reserved 1179648K
  class space    used 9773K, committed 10368K, reserved 1048576K
}
Event: 18269.963 GC heap after
{Heap after GC invocations=9298 (full 257):
 PSYoungGen      total 6656K, used 794K [0x00000000eab00000, 0x00000000eb400000, 0x0000000100000000)
  eden space 5632K, 0% used [0x00000000eab00000,0x00000000eab00000,0x00000000eb080000)
  from space 1024K, 77% used [0x00000000eb080000,0x00000000eb146900,0x00000000eb180000)
  to   space 1024K, 0% used [0x00000000eb300000,0x00000000eb300000,0x00000000eb400000)
 ParOldGen       total 133632K, used 129059K [0x00000000c0000000, 0x00000000c8280000, 0x00000000eab00000)
  object space 133632K, 96% used [0x00000000c0000000,0x00000000c7e08cf8,0x00000000c8280000)
 Metaspace       used 98621K, committed 99904K, reserved 1179648K
  class space    used 9773K, committed 10368K, reserved 1048576K
}
Event: 18269.969 GC heap before
{Heap before GC invocations=9299 (full 257):
 PSYoungGen      total 6656K, used 6426K [0x00000000eab00000, 0x00000000eb400000, 0x0000000100000000)
  eden space 5632K, 100% used [0x00000000eab00000,0x00000000eb080000,0x00000000eb080000)
  from space 1024K, 77% used [0x00000000eb080000,0x00000000eb146900,0x00000000eb180000)
  to   space 1024K, 0% used [0x00000000eb300000,0x00000000eb300000,0x00000000eb400000)
 ParOldGen       total 133632K, used 129059K [0x00000000c0000000, 0x00000000c8280000, 0x00000000eab00000)
  object space 133632K, 96% used [0x00000000c0000000,0x00000000c7e08cf8,0x00000000c8280000)
 Metaspace       used 98621K, committed 99904K, reserved 1179648K
  class space    used 9773K, committed 10368K, reserved 1048576K
}
Event: 18269.970 GC heap after
{Heap after GC invocations=9299 (full 257):
 PSYoungGen      total 6656K, used 852K [0x00000000eab00000, 0x00000000eb400000, 0x0000000100000000)
  eden space 5632K, 0% used [0x00000000eab00000,0x00000000eab00000,0x00000000eb080000)
  from space 1024K, 83% used [0x00000000eb300000,0x00000000eb3d5200,0x00000000eb400000)
  to   space 1024K, 0% used [0x00000000eb080000,0x00000000eb080000,0x00000000eb180000)
 ParOldGen       total 133632K, used 129788K [0x00000000c0000000, 0x00000000c8280000, 0x00000000eab00000)
  object space 133632K, 97% used [0x00000000c0000000,0x00000000c7ebf138,0x00000000c8280000)
 Metaspace       used 98621K, committed 99904K, reserved 1179648K
  class space    used 9773K, committed 10368K, reserved 1048576K
}
Event: 18270.712 GC heap before
{Heap before GC invocations=9300 (full 257):
 PSYoungGen      total 6656K, used 6484K [0x00000000eab00000, 0x00000000eb400000, 0x0000000100000000)
  eden space 5632K, 100% used [0x00000000eab00000,0x00000000eb080000,0x00000000eb080000)
  from space 1024K, 83% used [0x00000000eb300000,0x00000000eb3d5200,0x00000000eb400000)
  to   space 1024K, 0% used [0x00000000eb080000,0x00000000eb080000,0x00000000eb180000)
 ParOldGen       total 133632K, used 129788K [0x00000000c0000000, 0x00000000c8280000, 0x00000000eab00000)
  object space 133632K, 97% used [0x00000000c0000000,0x00000000c7ebf138,0x00000000c8280000)
 Metaspace       used 98623K, committed 99904K, reserved 1179648K
  class space    used 9773K, committed 10368K, reserved 1048576K
}
Event: 18270.713 GC heap after
{Heap after GC invocations=9300 (full 257):
 PSYoungGen      total 6656K, used 730K [0x00000000eab00000, 0x00000000eb380000, 0x0000000100000000)
  eden space 5632K, 0% used [0x00000000eab00000,0x00000000eab00000,0x00000000eb080000)
  from space 1024K, 71% used [0x00000000eb080000,0x00000000eb136900,0x00000000eb180000)
  to   space 1024K, 0% used [0x00000000eb280000,0x00000000eb280000,0x00000000eb380000)
 ParOldGen       total 133632K, used 130557K [0x00000000c0000000, 0x00000000c8280000, 0x00000000eab00000)
  object space 133632K, 97% used [0x00000000c0000000,0x00000000c7f7f578,0x00000000c8280000)
 Metaspace       used 98623K, committed 99904K, reserved 1179648K
  class space    used 9773K, committed 10368K, reserved 1048576K
}
Event: 18270.719 GC heap before
{Heap before GC invocations=9301 (full 257):
 PSYoungGen      total 6656K, used 6362K [0x00000000eab00000, 0x00000000eb380000, 0x0000000100000000)
  eden space 5632K, 100% used [0x00000000eab00000,0x00000000eb080000,0x00000000eb080000)
  from space 1024K, 71% used [0x00000000eb080000,0x00000000eb136900,0x00000000eb180000)
  to   space 1024K, 0% used [0x00000000eb280000,0x00000000eb280000,0x00000000eb380000)
 ParOldGen       total 133632K, used 130557K [0x00000000c0000000, 0x00000000c8280000, 0x00000000eab00000)
  object space 133632K, 97% used [0x00000000c0000000,0x00000000c7f7f578,0x00000000c8280000)
 Metaspace       used 98623K, committed 99904K, reserved 1179648K
  class space    used 9773K, committed 10368K, reserved 1048576K
}
Event: 18270.720 GC heap after
{Heap after GC invocations=9301 (full 257):
 PSYoungGen      total 6656K, used 736K [0x00000000eab00000, 0x00000000eb380000, 0x0000000100000000)
  eden space 5632K, 0% used [0x00000000eab00000,0x00000000eab00000,0x00000000eb080000)
  from space 1024K, 71% used [0x00000000eb280000,0x00000000eb338000,0x00000000eb380000)
  to   space 1024K, 0% used [0x00000000eb080000,0x00000000eb080000,0x00000000eb180000)
 ParOldGen       total 133632K, used 131202K [0x00000000c0000000, 0x00000000c8280000, 0x00000000eab00000)
  object space 133632K, 98% used [0x00000000c0000000,0x00000000c8020be8,0x00000000c8280000)
 Metaspace       used 98623K, committed 99904K, reserved 1179648K
  class space    used 9773K, committed 10368K, reserved 1048576K
}
Event: 18271.353 GC heap before
{Heap before GC invocations=9302 (full 257):
 PSYoungGen      total 6656K, used 6368K [0x00000000eab00000, 0x00000000eb380000, 0x0000000100000000)
  eden space 5632K, 100% used [0x00000000eab00000,0x00000000eb080000,0x00000000eb080000)
  from space 1024K, 71% used [0x00000000eb280000,0x00000000eb338000,0x00000000eb380000)
  to   space 1024K, 0% used [0x00000000eb080000,0x00000000eb080000,0x00000000eb180000)
 ParOldGen       total 133632K, used 131202K [0x00000000c0000000, 0x00000000c8280000, 0x00000000eab00000)
  object space 133632K, 98% used [0x00000000c0000000,0x00000000c8020be8,0x00000000c8280000)
 Metaspace       used 98623K, committed 99904K, reserved 1179648K
  class space    used 9773K, committed 10368K, reserved 1048576K
}
Event: 18271.354 GC heap after
{Heap after GC invocations=9302 (full 257):
 PSYoungGen      total 6656K, used 884K [0x00000000eab00000, 0x00000000eb300000, 0x0000000100000000)
  eden space 5632K, 0% used [0x00000000eab00000,0x00000000eab00000,0x00000000eb080000)
  from space 1024K, 86% used [0x00000000eb080000,0x00000000eb15d200,0x00000000eb180000)
  to   space 1024K, 0% used [0x00000000eb200000,0x00000000eb200000,0x00000000eb300000)
 ParOldGen       total 133632K, used 131818K [0x00000000c0000000, 0x00000000c8280000, 0x00000000eab00000)
  object space 133632K, 98% used [0x00000000c0000000,0x00000000c80babe8,0x00000000c8280000)
 Metaspace       used 98623K, committed 99904K, reserved 1179648K
  class space    used 9773K, committed 10368K, reserved 1048576K
}
Event: 18271.359 GC heap before
{Heap before GC invocations=9303 (full 257):
 PSYoungGen      total 6656K, used 6516K [0x00000000eab00000, 0x00000000eb300000, 0x0000000100000000)
  eden space 5632K, 100% used [0x00000000eab00000,0x00000000eb080000,0x00000000eb080000)
  from space 1024K, 86% used [0x00000000eb080000,0x00000000eb15d200,0x00000000eb180000)
  to   space 1024K, 0% used [0x00000000eb200000,0x00000000eb200000,0x00000000eb300000)
 ParOldGen       total 133632K, used 131818K [0x00000000c0000000, 0x00000000c8280000, 0x00000000eab00000)
  object space 133632K, 98% used [0x00000000c0000000,0x00000000c80babe8,0x00000000c8280000)
 Metaspace       used 98623K, committed 99904K, reserved 1179648K
  class space    used 9773K, committed 10368K, reserved 1048576K
}
Event: 18271.360 GC heap after
{Heap after GC invocations=9303 (full 257):
 PSYoungGen      total 6656K, used 736K [0x00000000eab00000, 0x00000000eb300000, 0x0000000100000000)
  eden space 5632K, 0% used [0x00000000eab00000,0x00000000eab00000,0x00000000eb080000)
  from space 1024K, 71% used [0x00000000eb200000,0x00000000eb2b8000,0x00000000eb300000)
  to   space 1024K, 0% used [0x00000000eb080000,0x00000000eb080000,0x00000000eb180000)
 ParOldGen       total 133632K, used 132576K [0x00000000c0000000, 0x00000000c8280000, 0x00000000eab00000)
  object space 133632K, 99% used [0x00000000c0000000,0x00000000c8178258,0x00000000c8280000)
 Metaspace       used 98623K, committed 99904K, reserved 1179648K
  class space    used 9773K, committed 10368K, reserved 1048576K
}
Event: 18271.734 GC heap before
{Heap before GC invocations=9304 (full 257):
 PSYoungGen      total 6656K, used 6368K [0x00000000eab00000, 0x00000000eb300000, 0x0000000100000000)
  eden space 5632K, 100% used [0x00000000eab00000,0x00000000eb080000,0x00000000eb080000)
  from space 1024K, 71% used [0x00000000eb200000,0x00000000eb2b8000,0x00000000eb300000)
  to   space 1024K, 0% used [0x00000000eb080000,0x00000000eb080000,0x00000000eb180000)
 ParOldGen       total 133632K, used 132576K [0x00000000c0000000, 0x00000000c8280000, 0x00000000eab00000)
  object space 133632K, 99% used [0x00000000c0000000,0x00000000c8178258,0x00000000c8280000)
 Metaspace       used 98623K, committed 99904K, reserved 1179648K
  class space    used 9773K, committed 10368K, reserved 1048576K
}
Event: 18271.735 GC heap after
{Heap after GC invocations=9304 (full 257):
 PSYoungGen      total 6656K, used 932K [0x00000000eab00000, 0x00000000eb280000, 0x0000000100000000)
  eden space 5632K, 0% used [0x00000000eab00000,0x00000000eab00000,0x00000000eb080000)
  from space 1024K, 91% used [0x00000000eb080000,0x00000000eb169210,0x00000000eb180000)
  to   space 1024K, 0% used [0x00000000eb180000,0x00000000eb180000,0x00000000eb280000)
 ParOldGen       total 133632K, used 133216K [0x00000000c0000000, 0x00000000c8280000, 0x00000000eab00000)
  object space 133632K, 99% used [0x00000000c0000000,0x00000000c8218258,0x00000000c8280000)
 Metaspace       used 98623K, committed 99904K, reserved 1179648K
  class space    used 9773K, committed 10368K, reserved 1048576K
}
Event: 18271.735 GC heap before
{Heap before GC invocations=9305 (full 258):
 PSYoungGen      total 6656K, used 932K [0x00000000eab00000, 0x00000000eb280000, 0x0000000100000000)
  eden space 5632K, 0% used [0x00000000eab00000,0x00000000eab00000,0x00000000eb080000)
  from space 1024K, 91% used [0x00000000eb080000,0x00000000eb169210,0x00000000eb180000)
  to   space 1024K, 0% used [0x00000000eb180000,0x00000000eb180000,0x00000000eb280000)
 ParOldGen       total 133632K, used 133216K [0x00000000c0000000, 0x00000000c8280000, 0x00000000eab00000)
  object space 133632K, 99% used [0x00000000c0000000,0x00000000c8218258,0x00000000c8280000)
 Metaspace       used 98623K, committed 99904K, reserved 1179648K
  class space    used 9773K, committed 10368K, reserved 1048576K
}

