# JRE version: OpenJDK Runtime Environment Temurin-17.0.7+7 (17.0.7+7) (build 17.0.7+7)
# Java VM: OpenJDK 64-Bit Server VM Temurin-17.0.7+7 (17.0.7+7, mixed mode, tiered, compressed oops, compressed class ptrs, parallel gc, windows-amd64)
GC Precious Log:
 CPUs: 8 total, 8 available
 Memory: 32681M
 Large Page Support: Disabled
 NUMA Support: Disabled
 Compressed Oops: Enabled (32-bit)
 Alignments: Space 512K, Generation 512K, Heap 2M
 Heap Min Capacity: 100M
 Heap Initial Capacity: 100M
 Heap Max Capacity: 1G
 Pre-touch: Disabled
 Parallel Workers: 8
Heap:
 PSYoungGen      total 3584K, used 672K [0x00000000eab00000, 0x00000000eaf80000, 0x0000000100000000)
  eden space 2048K, 0% used [0x00000000eab00000,0x00000000eab00000,0x00000000ead00000)
  from space 1536K, 43% used [0x00000000ead00000,0x00000000eada8000,0x00000000eae80000)
  to   space 1024K, 0% used [0x00000000eae80000,0x00000000eae80000,0x00000000eaf80000)
 ParOldGen       total 102912K, used 101589K [0x00000000c0000000, 0x00000000c6480000, 0x00000000eab00000)
  object space 102912K, 98% used [0x00000000c0000000,0x00000000c63354b0,0x00000000c6480000)
 Metaspace       used 96341K, committed 97664K, reserved 1179648K
  class space    used 9745K, committed 10304K, reserved 1048576K
GC Heap History (20 events):
Event: 4575.123 GC heap after
{Heap after GC invocations=8158 (full 264):
 PSYoungGen      total 3072K, used 500K [0x00000000eab00000, 0x00000000eaf80000, 0x0000000100000000)
  eden space 2560K, 0% used [0x00000000eab00000,0x00000000eab00000,0x00000000ead80000)
  from space 512K, 97% used [0x00000000eae80000,0x00000000eaefd200,0x00000000eaf00000)
  to   space 1024K, 0% used [0x00000000ead80000,0x00000000ead80000,0x00000000eae80000)
 ParOldGen       total 102912K, used 93082K [0x00000000c0000000, 0x00000000c6480000, 0x00000000eab00000)
  object space 102912K, 90% used [0x00000000c0000000,0x00000000c5ae6930,0x00000000c6480000)
 Metaspace       used 96341K, committed 97664K, reserved 1179648K
  class space    used 9745K, committed 10304K, reserved 1048576K
}
Event: 4575.126 GC heap before
{Heap before GC invocations=8159 (full 264):
 PSYoungGen      total 3072K, used 3060K [0x00000000eab00000, 0x00000000eaf80000, 0x0000000100000000)
  eden space 2560K, 100% used [0x00000000eab00000,0x00000000ead80000,0x00000000ead80000)
  from space 512K, 97% used [0x00000000eae80000,0x00000000eaefd200,0x00000000eaf00000)
  to   space 1024K, 0% used [0x00000000ead80000,0x00000000ead80000,0x00000000eae80000)
 ParOldGen       total 102912K, used 93082K [0x00000000c0000000, 0x00000000c6480000, 0x00000000eab00000)
  object space 102912K, 90% used [0x00000000c0000000,0x00000000c5ae6930,0x00000000c6480000)
 Metaspace       used 96341K, committed 97664K, reserved 1179648K
  class space    used 9745K, committed 10304K, reserved 1048576K
}
Event: 4575.126 GC heap after
{Heap after GC invocations=8159 (full 264):
 PSYoungGen      total 3584K, used 592K [0x00000000eab00000, 0x00000000eaf80000, 0x0000000100000000)
  eden space 2560K, 0% used [0x00000000eab00000,0x00000000eab00000,0x00000000ead80000)
  from space 1024K, 57% used [0x00000000ead80000,0x00000000eae14010,0x00000000eae80000)
  to   space 1024K, 0% used [0x00000000eae80000,0x00000000eae80000,0x00000000eaf80000)
 ParOldGen       total 102912K, used 93554K [0x00000000c0000000, 0x00000000c6480000, 0x00000000eab00000)
  object space 102912K, 90% used [0x00000000c0000000,0x00000000c5b5cb40,0x00000000c6480000)
 Metaspace       used 96341K, committed 97664K, reserved 1179648K
  class space    used 9745K, committed 10304K, reserved 1048576K
}
Event: 4575.130 GC heap before
{Heap before GC invocations=8160 (full 264):
 PSYoungGen      total 3584K, used 3152K [0x00000000eab00000, 0x00000000eaf80000, 0x0000000100000000)
  eden space 2560K, 100% used [0x00000000eab00000,0x00000000ead80000,0x00000000ead80000)
  from space 1024K, 57% used [0x00000000ead80000,0x00000000eae14010,0x00000000eae80000)
  to   space 1024K, 0% used [0x00000000eae80000,0x00000000eae80000,0x00000000eaf80000)
 ParOldGen       total 102912K, used 93554K [0x00000000c0000000, 0x00000000c6480000, 0x00000000eab00000)
  object space 102912K, 90% used [0x00000000c0000000,0x00000000c5b5cb40,0x00000000c6480000)
 Metaspace       used 96341K, committed 97664K, reserved 1179648K
  class space    used 9745K, committed 10304K, reserved 1048576K
}
Event: 4575.131 GC heap after
{Heap after GC invocations=8160 (full 264):
 PSYoungGen      total 3584K, used 480K [0x00000000eab00000, 0x00000000eaf80000, 0x0000000100000000)
  eden space 2560K, 0% used [0x00000000eab00000,0x00000000eab00000,0x00000000ead80000)
  from space 1024K, 46% used [0x00000000eae80000,0x00000000eaef8000,0x00000000eaf80000)
  to   space 1024K, 0% used [0x00000000ead80000,0x00000000ead80000,0x00000000eae80000)
 ParOldGen       total 102912K, used 94034K [0x00000000c0000000, 0x00000000c6480000, 0x00000000eab00000)
  object space 102912K, 91% used [0x00000000c0000000,0x00000000c5bd4b60,0x00000000c6480000)
 Metaspace       used 96341K, committed 97664K, reserved 1179648K
  class space    used 9745K, committed 10304K, reserved 1048576K
}
Event: 4575.134 GC heap before
{Heap before GC invocations=8161 (full 264):
 PSYoungGen      total 3584K, used 3040K [0x00000000eab00000, 0x00000000eaf80000, 0x0000000100000000)
  eden space 2560K, 100% used [0x00000000eab00000,0x00000000ead80000,0x00000000ead80000)
  from space 1024K, 46% used [0x00000000eae80000,0x00000000eaef8000,0x00000000eaf80000)
  to   space 1024K, 0% used [0x00000000ead80000,0x00000000ead80000,0x00000000eae80000)
 ParOldGen       total 102912K, used 94034K [0x00000000c0000000, 0x00000000c6480000, 0x00000000eab00000)
  object space 102912K, 91% used [0x00000000c0000000,0x00000000c5bd4b60,0x00000000c6480000)
 Metaspace       used 96341K, committed 97664K, reserved 1179648K
  class space    used 9745K, committed 10304K, reserved 1048576K
}
Event: 4575.135 GC heap after
{Heap after GC invocations=8161 (full 264):
 PSYoungGen      total 3584K, used 1019K [0x00000000eab00000, 0x00000000eb180000, 0x0000000100000000)
  eden space 2560K, 0% used [0x00000000eab00000,0x00000000eab00000,0x00000000ead80000)
  from space 1024K, 99% used [0x00000000ead80000,0x00000000eae7ee50,0x00000000eae80000)
  to   space 2048K, 0% used [0x00000000eaf80000,0x00000000eaf80000,0x00000000eb180000)
 ParOldGen       total 102912K, used 94554K [0x00000000c0000000, 0x00000000c6480000, 0x00000000eab00000)
  object space 102912K, 91% used [0x00000000c0000000,0x00000000c5c56b60,0x00000000c6480000)
 Metaspace       used 96341K, committed 97664K, reserved 1179648K
  class space    used 9745K, committed 10304K, reserved 1048576K
}
Event: 4575.139 GC heap before
{Heap before GC invocations=8162 (full 264):
 PSYoungGen      total 3584K, used 3579K [0x00000000eab00000, 0x00000000eb180000, 0x0000000100000000)
  eden space 2560K, 100% used [0x00000000eab00000,0x00000000ead80000,0x00000000ead80000)
  from space 1024K, 99% used [0x00000000ead80000,0x00000000eae7ee50,0x00000000eae80000)
  to   space 2048K, 0% used [0x00000000eaf80000,0x00000000eaf80000,0x00000000eb180000)
 ParOldGen       total 102912K, used 94554K [0x00000000c0000000, 0x00000000c6480000, 0x00000000eab00000)
  object space 102912K, 91% used [0x00000000c0000000,0x00000000c5c56b60,0x00000000c6480000)
 Metaspace       used 96341K, committed 97664K, reserved 1179648K
  class space    used 9745K, committed 10304K, reserved 1048576K
}
Event: 4575.140 GC heap after
{Heap after GC invocations=8162 (full 264):
 PSYoungGen      total 2560K, used 2048K [0x00000000eab00000, 0x00000000eb600000, 0x0000000100000000)
  eden space 512K, 0% used [0x00000000eab00000,0x00000000eab00000,0x00000000eab80000)
  from space 2048K, 100% used [0x00000000eaf80000,0x00000000eb180000,0x00000000eb180000)
  to   space 4096K, 0% used [0x00000000eab80000,0x00000000eab80000,0x00000000eaf80000)
 ParOldGen       total 102912K, used 96104K [0x00000000c0000000, 0x00000000c6480000, 0x00000000eab00000)
  object space 102912K, 93% used [0x00000000c0000000,0x00000000c5dda2b0,0x00000000c6480000)
 Metaspace       used 96341K, committed 97664K, reserved 1179648K
  class space    used 9745K, committed 10304K, reserved 1048576K
}
Event: 4575.141 GC heap before
{Heap before GC invocations=8163 (full 264):
 PSYoungGen      total 2560K, used 2560K [0x00000000eab00000, 0x00000000eb600000, 0x0000000100000000)
  eden space 512K, 100% used [0x00000000eab00000,0x00000000eab80000,0x00000000eab80000)
  from space 2048K, 100% used [0x00000000eaf80000,0x00000000eb180000,0x00000000eb180000)
  to   space 4096K, 0% used [0x00000000eab80000,0x00000000eab80000,0x00000000eaf80000)
 ParOldGen       total 102912K, used 96104K [0x00000000c0000000, 0x00000000c6480000, 0x00000000eab00000)
  object space 102912K, 93% used [0x00000000c0000000,0x00000000c5dda2b0,0x00000000c6480000)
 Metaspace       used 96341K, committed 97664K, reserved 1179648K
  class space    used 9745K, committed 10304K, reserved 1048576K
}
Event: 4575.144 GC heap after
{Heap after GC invocations=8163 (full 264):
 PSYoungGen      total 1536K, used 608K [0x00000000eab00000, 0x00000000eb000000, 0x0000000100000000)
  eden space 512K, 0% used [0x00000000eab00000,0x00000000eab00000,0x00000000eab80000)
  from space 1024K, 59% used [0x00000000eab80000,0x00000000eac18000,0x00000000eac80000)
  to   space 2048K, 0% used [0x00000000eae00000,0x00000000eae00000,0x00000000eb000000)
 ParOldGen       total 102912K, used 98192K [0x00000000c0000000, 0x00000000c6480000, 0x00000000eab00000)
  object space 102912K, 95% used [0x00000000c0000000,0x00000000c5fe42b0,0x00000000c6480000)
 Metaspace       used 96341K, committed 97664K, reserved 1179648K
  class space    used 9745K, committed 10304K, reserved 1048576K
}
Event: 4575.145 GC heap before
{Heap before GC invocations=8164 (full 264):
 PSYoungGen      total 1536K, used 1119K [0x00000000eab00000, 0x00000000eb000000, 0x0000000100000000)
  eden space 512K, 99% used [0x00000000eab00000,0x00000000eab7fff0,0x00000000eab80000)
  from space 1024K, 59% used [0x00000000eab80000,0x00000000eac18000,0x00000000eac80000)
  to   space 2048K, 0% used [0x00000000eae00000,0x00000000eae00000,0x00000000eb000000)
 ParOldGen       total 102912K, used 98192K [0x00000000c0000000, 0x00000000c6480000, 0x00000000eab00000)
  object space 102912K, 95% used [0x00000000c0000000,0x00000000c5fe42b0,0x00000000c6480000)
 Metaspace       used 96341K, committed 97664K, reserved 1179648K
  class space    used 9745K, committed 10304K, reserved 1048576K
}
Event: 4575.146 GC heap after
{Heap after GC invocations=8164 (full 264):
 PSYoungGen      total 2048K, used 576K [0x00000000eab00000, 0x00000000eaf00000, 0x0000000100000000)
  eden space 1024K, 0% used [0x00000000eab00000,0x00000000eab00000,0x00000000eac00000)
  from space 1024K, 56% used [0x00000000eae00000,0x00000000eae90000,0x00000000eaf00000)
  to   space 1024K, 0% used [0x00000000ead00000,0x00000000ead00000,0x00000000eae00000)
 ParOldGen       total 102912K, used 98720K [0x00000000c0000000, 0x00000000c6480000, 0x00000000eab00000)
  object space 102912K, 95% used [0x00000000c0000000,0x00000000c60682b0,0x00000000c6480000)
 Metaspace       used 96341K, committed 97664K, reserved 1179648K
  class space    used 9745K, committed 10304K, reserved 1048576K
}
Event: 4575.148 GC heap before
{Heap before GC invocations=8165 (full 264):
 PSYoungGen      total 2048K, used 1600K [0x00000000eab00000, 0x00000000eaf00000, 0x0000000100000000)
  eden space 1024K, 100% used [0x00000000eab00000,0x00000000eac00000,0x00000000eac00000)
  from space 1024K, 56% used [0x00000000eae00000,0x00000000eae90000,0x00000000eaf00000)
  to   space 1024K, 0% used [0x00000000ead00000,0x00000000ead00000,0x00000000eae00000)
 ParOldGen       total 102912K, used 98720K [0x00000000c0000000, 0x00000000c6480000, 0x00000000eab00000)
  object space 102912K, 95% used [0x00000000c0000000,0x00000000c60682b0,0x00000000c6480000)
 Metaspace       used 96341K, committed 97664K, reserved 1179648K
  class space    used 9745K, committed 10304K, reserved 1048576K
}
Event: 4575.150 GC heap after
{Heap after GC invocations=8165 (full 264):
 PSYoungGen      total 2560K, used 1024K [0x00000000eab00000, 0x00000000eb080000, 0x0000000100000000)
  eden space 1536K, 0% used [0x00000000eab00000,0x00000000eab00000,0x00000000eac80000)
  from space 1024K, 100% used [0x00000000ead00000,0x00000000eae00000,0x00000000eae00000)
  to   space 2048K, 0% used [0x00000000eae80000,0x00000000eae80000,0x00000000eb080000)
 ParOldGen       total 102912K, used 99264K [0x00000000c0000000, 0x00000000c6480000, 0x00000000eab00000)
  object space 102912K, 96% used [0x00000000c0000000,0x00000000c60f02b0,0x00000000c6480000)
 Metaspace       used 96341K, committed 97664K, reserved 1179648K
  class space    used 9745K, committed 10304K, reserved 1048576K
}
Event: 4575.153 GC heap before
{Heap before GC invocations=8166 (full 264):
 PSYoungGen      total 2560K, used 2560K [0x00000000eab00000, 0x00000000eb080000, 0x0000000100000000)
  eden space 1536K, 100% used [0x00000000eab00000,0x00000000eac80000,0x00000000eac80000)
  from space 1024K, 100% used [0x00000000ead00000,0x00000000eae00000,0x00000000eae00000)
  to   space 2048K, 0% used [0x00000000eae80000,0x00000000eae80000,0x00000000eb080000)
 ParOldGen       total 102912K, used 99264K [0x00000000c0000000, 0x00000000c6480000, 0x00000000eab00000)
  object space 102912K, 96% used [0x00000000c0000000,0x00000000c60f02b0,0x00000000c6480000)
 Metaspace       used 96341K, committed 97664K, reserved 1179648K
  class space    used 9745K, committed 10304K, reserved 1048576K
}
Event: 4575.155 GC heap after
{Heap after GC invocations=8166 (full 264):
 PSYoungGen      total 3584K, used 1492K [0x00000000eab00000, 0x00000000eb000000, 0x0000000100000000)
  eden space 2048K, 0% used [0x00000000eab00000,0x00000000eab00000,0x00000000ead00000)
  from space 1536K, 97% used [0x00000000eae80000,0x00000000eaff5200,0x00000000eb000000)
  to   space 1536K, 0% used [0x00000000ead00000,0x00000000ead00000,0x00000000eae80000)
 ParOldGen       total 102912K, used 100280K [0x00000000c0000000, 0x00000000c6480000, 0x00000000eab00000)
  object space 102912K, 97% used [0x00000000c0000000,0x00000000c61ee2b0,0x00000000c6480000)
 Metaspace       used 96341K, committed 97664K, reserved 1179648K
  class space    used 9745K, committed 10304K, reserved 1048576K
}
Event: 4575.158 GC heap before
{Heap before GC invocations=8167 (full 264):
 PSYoungGen      total 3584K, used 3540K [0x00000000eab00000, 0x00000000eb000000, 0x0000000100000000)
  eden space 2048K, 100% used [0x00000000eab00000,0x00000000ead00000,0x00000000ead00000)
  from space 1536K, 97% used [0x00000000eae80000,0x00000000eaff5200,0x00000000eb000000)
  to   space 1536K, 0% used [0x00000000ead00000,0x00000000ead00000,0x00000000eae80000)
 ParOldGen       total 102912K, used 100280K [0x00000000c0000000, 0x00000000c6480000, 0x00000000eab00000)
  object space 102912K, 97% used [0x00000000c0000000,0x00000000c61ee2b0,0x00000000c6480000)
 Metaspace       used 96341K, committed 97664K, reserved 1179648K
  class space    used 9745K, committed 10304K, reserved 1048576K
}
Event: 4575.159 GC heap after
{Heap after GC invocations=8167 (full 264):
 PSYoungGen      total 3584K, used 672K [0x00000000eab00000, 0x00000000eaf80000, 0x0000000100000000)
  eden space 2048K, 0% used [0x00000000eab00000,0x00000000eab00000,0x00000000ead00000)
  from space 1536K, 43% used [0x00000000ead00000,0x00000000eada8000,0x00000000eae80000)
  to   space 1024K, 0% used [0x00000000eae80000,0x00000000eae80000,0x00000000eaf80000)
 ParOldGen       total 102912K, used 101589K [0x00000000c0000000, 0x00000000c6480000, 0x00000000eab00000)
  object space 102912K, 98% used [0x00000000c0000000,0x00000000c63354b0,0x00000000c6480000)
 Metaspace       used 96341K, committed 97664K, reserved 1179648K
  class space    used 9745K, committed 10304K, reserved 1048576K
}
Event: 4575.159 GC heap before
{Heap before GC invocations=8168 (full 265):
 PSYoungGen      total 3584K, used 672K [0x00000000eab00000, 0x00000000eaf80000, 0x0000000100000000)
  eden space 2048K, 0% used [0x00000000eab00000,0x00000000eab00000,0x00000000ead00000)
  from space 1536K, 43% used [0x00000000ead00000,0x00000000eada8000,0x00000000eae80000)
  to   space 1024K, 0% used [0x00000000eae80000,0x00000000eae80000,0x00000000eaf80000)
 ParOldGen       total 102912K, used 101589K [0x00000000c0000000, 0x00000000c6480000, 0x00000000eab00000)
  object space 102912K, 98% used [0x00000000c0000000,0x00000000c63354b0,0x00000000c6480000)
 Metaspace       used 96341K, committed 97664K, reserved 1179648K
  class space    used 9745K, committed 10304K, reserved 1048576K
}

