# JRE version: OpenJDK Runtime Environment Temurin-17.0.7+7 (17.0.7+7) (build 17.0.7+7)
# Java VM: OpenJDK 64-Bit Server VM Temurin-17.0.7+7 (17.0.7+7, mixed mode, tiered, compressed oops, compressed class ptrs, parallel gc, windows-amd64)
GC Precious Log:
 CPUs: 8 total, 8 available
 Memory: 32681M
 Large Page Support: Disabled
 NUMA Support: Disabled
 Compressed Oops: Enabled (32-bit)
 Alignments: Space 512K, Generation 512K, Heap 2M
 Heap Min Capacity: 100M
 Heap Initial Capacity: 100M
 Heap Max Capacity: 1G
 Pre-touch: Disabled
 Parallel Workers: 8
Heap:
 PSYoungGen      total 2048K, used 1504K [0x00000000eab00000, 0x00000000ec080000, 0x0000000100000000)
  eden space 512K, 0% used [0x00000000eab00000,0x00000000eab00000,0x00000000eab80000)
  from space 1536K, 97% used [0x00000000eb200000,0x00000000eb3782a8,0x00000000eb380000)
  to   space 6656K, 0% used [0x00000000eab80000,0x00000000eab80000,0x00000000eb200000)
 ParOldGen       total 141312K, used 140833K [0x00000000c0000000, 0x00000000c8a00000, 0x00000000eab00000)
  object space 141312K, 99% used [0x00000000c0000000,0x00000000c89885a8,0x00000000c8a00000)
 Metaspace       used 99804K, committed 101184K, reserved 1179648K
  class space    used 9866K, committed 10496K, reserved 1048576K
GC Heap History (20 events):
Event: 8471.144 GC heap after
{Heap after GC invocations=23140 (full 682):
 PSYoungGen      total 7680K, used 1194K [0x00000000eab00000, 0x00000000eb500000, 0x0000000100000000)
  eden space 6144K, 0% used [0x00000000eab00000,0x00000000eab00000,0x00000000eb100000)
  from space 1536K, 77% used [0x00000000eb100000,0x00000000eb22a910,0x00000000eb280000)
  to   space 2048K, 0% used [0x00000000eb300000,0x00000000eb300000,0x00000000eb500000)
 ParOldGen       total 138240K, used 129019K [0x00000000c0000000, 0x00000000c8700000, 0x00000000eab00000)
  object space 138240K, 93% used [0x00000000c0000000,0x00000000c7dfec18,0x00000000c8700000)
 Metaspace       used 99804K, committed 101184K, reserved 1179648K
  class space    used 9866K, committed 10496K, reserved 1048576K
}
Event: 8471.152 GC heap before
{Heap before GC invocations=23141 (full 682):
 PSYoungGen      total 7680K, used 7338K [0x00000000eab00000, 0x00000000eb500000, 0x0000000100000000)
  eden space 6144K, 100% used [0x00000000eab00000,0x00000000eb100000,0x00000000eb100000)
  from space 1536K, 77% used [0x00000000eb100000,0x00000000eb22a910,0x00000000eb280000)
  to   space 2048K, 0% used [0x00000000eb300000,0x00000000eb300000,0x00000000eb500000)
 ParOldGen       total 138240K, used 129019K [0x00000000c0000000, 0x00000000c8700000, 0x00000000eab00000)
  object space 138240K, 93% used [0x00000000c0000000,0x00000000c7dfec18,0x00000000c8700000)
 Metaspace       used 99804K, committed 101184K, reserved 1179648K
  class space    used 9866K, committed 10496K, reserved 1048576K
}
Event: 8471.153 GC heap after
{Heap after GC invocations=23141 (full 682):
 PSYoungGen      total 7168K, used 1018K [0x00000000eab00000, 0x00000000eb400000, 0x0000000100000000)
  eden space 6144K, 0% used [0x00000000eab00000,0x00000000eab00000,0x00000000eb100000)
  from space 1024K, 99% used [0x00000000eb300000,0x00000000eb3fe900,0x00000000eb400000)
  to   space 1536K, 0% used [0x00000000eb100000,0x00000000eb100000,0x00000000eb280000)
 ParOldGen       total 138240K, used 130101K [0x00000000c0000000, 0x00000000c8700000, 0x00000000eab00000)
  object space 138240K, 94% used [0x00000000c0000000,0x00000000c7f0d5b8,0x00000000c8700000)
 Metaspace       used 99804K, committed 101184K, reserved 1179648K
  class space    used 9866K, committed 10496K, reserved 1048576K
}
Event: 8471.163 GC heap before
{Heap before GC invocations=23142 (full 682):
 PSYoungGen      total 7168K, used 7162K [0x00000000eab00000, 0x00000000eb400000, 0x0000000100000000)
  eden space 6144K, 100% used [0x00000000eab00000,0x00000000eb100000,0x00000000eb100000)
  from space 1024K, 99% used [0x00000000eb300000,0x00000000eb3fe900,0x00000000eb400000)
  to   space 1536K, 0% used [0x00000000eb100000,0x00000000eb100000,0x00000000eb280000)
 ParOldGen       total 138240K, used 130101K [0x00000000c0000000, 0x00000000c8700000, 0x00000000eab00000)
  object space 138240K, 94% used [0x00000000c0000000,0x00000000c7f0d5b8,0x00000000c8700000)
 Metaspace       used 99804K, committed 101184K, reserved 1179648K
  class space    used 9866K, committed 10496K, reserved 1048576K
}
Event: 8471.164 GC heap after
{Heap after GC invocations=23142 (full 682):
 PSYoungGen      total 7680K, used 474K [0x00000000eab00000, 0x00000000eb380000, 0x0000000100000000)
  eden space 6144K, 0% used [0x00000000eab00000,0x00000000eab00000,0x00000000eb100000)
  from space 1536K, 30% used [0x00000000eb100000,0x00000000eb176900,0x00000000eb280000)
  to   space 1024K, 0% used [0x00000000eb280000,0x00000000eb280000,0x00000000eb380000)
 ParOldGen       total 138240K, used 131049K [0x00000000c0000000, 0x00000000c8700000, 0x00000000eab00000)
  object space 138240K, 94% used [0x00000000c0000000,0x00000000c7ffa7d8,0x00000000c8700000)
 Metaspace       used 99804K, committed 101184K, reserved 1179648K
  class space    used 9866K, committed 10496K, reserved 1048576K
}
Event: 8471.171 GC heap before
{Heap before GC invocations=23143 (full 682):
 PSYoungGen      total 7680K, used 6618K [0x00000000eab00000, 0x00000000eb380000, 0x0000000100000000)
  eden space 6144K, 100% used [0x00000000eab00000,0x00000000eb100000,0x00000000eb100000)
  from space 1536K, 30% used [0x00000000eb100000,0x00000000eb176900,0x00000000eb280000)
  to   space 1024K, 0% used [0x00000000eb280000,0x00000000eb280000,0x00000000eb380000)
 ParOldGen       total 138240K, used 131049K [0x00000000c0000000, 0x00000000c8700000, 0x00000000eab00000)
  object space 138240K, 94% used [0x00000000c0000000,0x00000000c7ffa7d8,0x00000000c8700000)
 Metaspace       used 99804K, committed 101184K, reserved 1179648K
  class space    used 9866K, committed 10496K, reserved 1048576K
}
Event: 8471.171 GC heap after
{Heap after GC invocations=23143 (full 682):
 PSYoungGen      total 6656K, used 996K [0x00000000eab00000, 0x00000000eb500000, 0x0000000100000000)
  eden space 5632K, 0% used [0x00000000eab00000,0x00000000eab00000,0x00000000eb080000)
  from space 1024K, 97% used [0x00000000eb280000,0x00000000eb379210,0x00000000eb380000)
  to   space 2048K, 0% used [0x00000000eb080000,0x00000000eb080000,0x00000000eb280000)
 ParOldGen       total 138240K, used 131526K [0x00000000c0000000, 0x00000000c8700000, 0x00000000eab00000)
  object space 138240K, 95% used [0x00000000c0000000,0x00000000c80719f8,0x00000000c8700000)
 Metaspace       used 99804K, committed 101184K, reserved 1179648K
  class space    used 9866K, committed 10496K, reserved 1048576K
}
Event: 8471.179 GC heap before
{Heap before GC invocations=23144 (full 682):
 PSYoungGen      total 6656K, used 6628K [0x00000000eab00000, 0x00000000eb500000, 0x0000000100000000)
  eden space 5632K, 100% used [0x00000000eab00000,0x00000000eb080000,0x00000000eb080000)
  from space 1024K, 97% used [0x00000000eb280000,0x00000000eb379210,0x00000000eb380000)
  to   space 2048K, 0% used [0x00000000eb080000,0x00000000eb080000,0x00000000eb280000)
 ParOldGen       total 138240K, used 131526K [0x00000000c0000000, 0x00000000c8700000, 0x00000000eab00000)
  object space 138240K, 95% used [0x00000000c0000000,0x00000000c80719f8,0x00000000c8700000)
 Metaspace       used 99804K, committed 101184K, reserved 1179648K
  class space    used 9866K, committed 10496K, reserved 1048576K
}
Event: 8471.179 GC heap after
{Heap after GC invocations=23144 (full 682):
 PSYoungGen      total 6144K, used 442K [0x00000000eab00000, 0x00000000eb300000, 0x0000000100000000)
  eden space 5632K, 0% used [0x00000000eab00000,0x00000000eab00000,0x00000000eb080000)
  from space 512K, 86% used [0x00000000eb080000,0x00000000eb0ee900,0x00000000eb100000)
  to   space 1024K, 0% used [0x00000000eb200000,0x00000000eb200000,0x00000000eb300000)
 ParOldGen       total 138240K, used 132547K [0x00000000c0000000, 0x00000000c8700000, 0x00000000eab00000)
  object space 138240K, 95% used [0x00000000c0000000,0x00000000c8170c18,0x00000000c8700000)
 Metaspace       used 99804K, committed 101184K, reserved 1179648K
  class space    used 9866K, committed 10496K, reserved 1048576K
}
Event: 8471.186 GC heap before
{Heap before GC invocations=23145 (full 682):
 PSYoungGen      total 6144K, used 6074K [0x00000000eab00000, 0x00000000eb300000, 0x0000000100000000)
  eden space 5632K, 100% used [0x00000000eab00000,0x00000000eb080000,0x00000000eb080000)
  from space 512K, 86% used [0x00000000eb080000,0x00000000eb0ee900,0x00000000eb100000)
  to   space 1024K, 0% used [0x00000000eb200000,0x00000000eb200000,0x00000000eb300000)
 ParOldGen       total 138240K, used 132547K [0x00000000c0000000, 0x00000000c8700000, 0x00000000eab00000)
  object space 138240K, 95% used [0x00000000c0000000,0x00000000c8170c18,0x00000000c8700000)
 Metaspace       used 99804K, committed 101184K, reserved 1179648K
  class space    used 9866K, committed 10496K, reserved 1048576K
}
Event: 8471.187 GC heap after
{Heap after GC invocations=23145 (full 682):
 PSYoungGen      total 6656K, used 928K [0x00000000eab00000, 0x00000000eb300000, 0x0000000100000000)
  eden space 5632K, 0% used [0x00000000eab00000,0x00000000eab00000,0x00000000eb080000)
  from space 1024K, 90% used [0x00000000eb200000,0x00000000eb2e8000,0x00000000eb300000)
  to   space 1024K, 0% used [0x00000000eb100000,0x00000000eb100000,0x00000000eb200000)
 ParOldGen       total 138240K, used 132831K [0x00000000c0000000, 0x00000000c8700000, 0x00000000eab00000)
  object space 138240K, 96% used [0x00000000c0000000,0x00000000c81b7e18,0x00000000c8700000)
 Metaspace       used 99804K, committed 101184K, reserved 1179648K
  class space    used 9866K, committed 10496K, reserved 1048576K
}
Event: 8471.193 GC heap before
{Heap before GC invocations=23146 (full 682):
 PSYoungGen      total 6656K, used 6560K [0x00000000eab00000, 0x00000000eb300000, 0x0000000100000000)
  eden space 5632K, 100% used [0x00000000eab00000,0x00000000eb080000,0x00000000eb080000)
  from space 1024K, 90% used [0x00000000eb200000,0x00000000eb2e8000,0x00000000eb300000)
  to   space 1024K, 0% used [0x00000000eb100000,0x00000000eb100000,0x00000000eb200000)
 ParOldGen       total 138240K, used 132831K [0x00000000c0000000, 0x00000000c8700000, 0x00000000eab00000)
  object space 138240K, 96% used [0x00000000c0000000,0x00000000c81b7e18,0x00000000c8700000)
 Metaspace       used 99804K, committed 101184K, reserved 1179648K
  class space    used 9866K, committed 10496K, reserved 1048576K
}
Event: 8471.194 GC heap after
{Heap after GC invocations=23146 (full 682):
 PSYoungGen      total 6656K, used 1002K [0x00000000eab00000, 0x00000000eb380000, 0x0000000100000000)
  eden space 5632K, 0% used [0x00000000eab00000,0x00000000eab00000,0x00000000eb080000)
  from space 1024K, 97% used [0x00000000eb100000,0x00000000eb1fa910,0x00000000eb200000)
  to   space 1536K, 0% used [0x00000000eb200000,0x00000000eb200000,0x00000000eb380000)
 ParOldGen       total 138240K, used 133670K [0x00000000c0000000, 0x00000000c8700000, 0x00000000eab00000)
  object space 138240K, 96% used [0x00000000c0000000,0x00000000c8289870,0x00000000c8700000)
 Metaspace       used 99804K, committed 101184K, reserved 1179648K
  class space    used 9866K, committed 10496K, reserved 1048576K
}
Event: 8471.374 GC heap before
{Heap before GC invocations=23147 (full 682):
 PSYoungGen      total 6656K, used 6634K [0x00000000eab00000, 0x00000000eb380000, 0x0000000100000000)
  eden space 5632K, 100% used [0x00000000eab00000,0x00000000eb080000,0x00000000eb080000)
  from space 1024K, 97% used [0x00000000eb100000,0x00000000eb1fa910,0x00000000eb200000)
  to   space 1536K, 0% used [0x00000000eb200000,0x00000000eb200000,0x00000000eb380000)
 ParOldGen       total 138240K, used 133670K [0x00000000c0000000, 0x00000000c8700000, 0x00000000eab00000)
  object space 138240K, 96% used [0x00000000c0000000,0x00000000c8289870,0x00000000c8700000)
 Metaspace       used 99804K, committed 101184K, reserved 1179648K
  class space    used 9866K, committed 10496K, reserved 1048576K
}
Event: 8471.374 GC heap after
{Heap after GC invocations=23147 (full 682):
 PSYoungGen      total 7168K, used 1204K [0x00000000eab00000, 0x00000000eb380000, 0x0000000100000000)
  eden space 5632K, 0% used [0x00000000eab00000,0x00000000eab00000,0x00000000eb080000)
  from space 1536K, 78% used [0x00000000eb200000,0x00000000eb32d200,0x00000000eb380000)
  to   space 1536K, 0% used [0x00000000eb080000,0x00000000eb080000,0x00000000eb200000)
 ParOldGen       total 138240K, used 134562K [0x00000000c0000000, 0x00000000c8700000, 0x00000000eab00000)
  object space 138240K, 97% used [0x00000000c0000000,0x00000000c8368a90,0x00000000c8700000)
 Metaspace       used 99804K, committed 101184K, reserved 1179648K
  class space    used 9866K, committed 10496K, reserved 1048576K
}
Event: 8471.392 GC heap before
{Heap before GC invocations=23148 (full 682):
 PSYoungGen      total 7168K, used 6669K [0x00000000eab00000, 0x00000000eb380000, 0x0000000100000000)
  eden space 5632K, 97% used [0x00000000eab00000,0x00000000eb0562b8,0x00000000eb080000)
  from space 1536K, 78% used [0x00000000eb200000,0x00000000eb32d200,0x00000000eb380000)
  to   space 1536K, 0% used [0x00000000eb080000,0x00000000eb080000,0x00000000eb200000)
 ParOldGen       total 138240K, used 134562K [0x00000000c0000000, 0x00000000c8700000, 0x00000000eab00000)
  object space 138240K, 97% used [0x00000000c0000000,0x00000000c8368a90,0x00000000c8700000)
 Metaspace       used 99804K, committed 101184K, reserved 1179648K
  class space    used 9866K, committed 10496K, reserved 1048576K
}
Event: 8471.392 GC heap after
{Heap after GC invocations=23148 (full 682):
 PSYoungGen      total 7168K, used 1146K [0x00000000eab00000, 0x00000000eb380000, 0x0000000100000000)
  eden space 5632K, 0% used [0x00000000eab00000,0x00000000eab00000,0x00000000eb080000)
  from space 1536K, 74% used [0x00000000eb080000,0x00000000eb19eba8,0x00000000eb200000)
  to   space 1536K, 0% used [0x00000000eb200000,0x00000000eb200000,0x00000000eb380000)
 ParOldGen       total 138240K, used 135589K [0x00000000c0000000, 0x00000000c8700000, 0x00000000eab00000)
  object space 138240K, 98% used [0x00000000c0000000,0x00000000c84695e0,0x00000000c8700000)
 Metaspace       used 99804K, committed 101184K, reserved 1179648K
  class space    used 9866K, committed 10496K, reserved 1048576K
}
Event: 8471.400 GC heap before
{Heap before GC invocations=23149 (full 682):
 PSYoungGen      total 7168K, used 6778K [0x00000000eab00000, 0x00000000eb380000, 0x0000000100000000)
  eden space 5632K, 100% used [0x00000000eab00000,0x00000000eb080000,0x00000000eb080000)
  from space 1536K, 74% used [0x00000000eb080000,0x00000000eb19eba8,0x00000000eb200000)
  to   space 1536K, 0% used [0x00000000eb200000,0x00000000eb200000,0x00000000eb380000)
 ParOldGen       total 138240K, used 135589K [0x00000000c0000000, 0x00000000c8700000, 0x00000000eab00000)
  object space 138240K, 98% used [0x00000000c0000000,0x00000000c84695e0,0x00000000c8700000)
 Metaspace       used 99804K, committed 101184K, reserved 1179648K
  class space    used 9866K, committed 10496K, reserved 1048576K
}
Event: 8471.402 GC heap after
{Heap after GC invocations=23149 (full 682):
 PSYoungGen      total 2048K, used 1504K [0x00000000eab00000, 0x00000000ec080000, 0x0000000100000000)
  eden space 512K, 0% used [0x00000000eab00000,0x00000000eab00000,0x00000000eab80000)
  from space 1536K, 97% used [0x00000000eb200000,0x00000000eb3782a8,0x00000000eb380000)
  to   space 6656K, 0% used [0x00000000eab80000,0x00000000eab80000,0x00000000eb200000)
 ParOldGen       total 141312K, used 140833K [0x00000000c0000000, 0x00000000c8a00000, 0x00000000eab00000)
  object space 141312K, 99% used [0x00000000c0000000,0x00000000c89885a8,0x00000000c8a00000)
 Metaspace       used 99804K, committed 101184K, reserved 1179648K
  class space    used 9866K, committed 10496K, reserved 1048576K
}
Event: 8471.402 GC heap before
{Heap before GC invocations=23150 (full 683):
 PSYoungGen      total 2048K, used 1504K [0x00000000eab00000, 0x00000000ec080000, 0x0000000100000000)
  eden space 512K, 0% used [0x00000000eab00000,0x00000000eab00000,0x00000000eab80000)
  from space 1536K, 97% used [0x00000000eb200000,0x00000000eb3782a8,0x00000000eb380000)
  to   space 6656K, 0% used [0x00000000eab80000,0x00000000eab80000,0x00000000eb200000)
 ParOldGen       total 141312K, used 140833K [0x00000000c0000000, 0x00000000c8a00000, 0x00000000eab00000)
  object space 141312K, 99% used [0x00000000c0000000,0x00000000c89885a8,0x00000000c8a00000)
 Metaspace       used 99804K, committed 101184K, reserved 1179648K
  class space    used 9866K, committed 10496K, reserved 1048576K
}

